<?xml version="1.0" encoding="UTF-8"?>
<!-- Generated by org.testng.reporters.JUnitXMLReporter -->
<testsuite ignored="0" hostname="K425LTRV" failures="0" tests="3" name="Default test" time="107.246" errors="0" timestamp="2024-05-03T15:35:18 IST">
  <testcase classname="com.ust.lenskart.testcases.TestResetFilters" name="testEnterSearchBox" time="11.899"/>
  <testcase classname="com.ust.lenskart.testcases.TestResetFilters" name="testSetFilters" time="75.217"/>
  <testcase classname="com.ust.lenskart.testcases.TestResetFilters" name="testResetFilters" time="1.746"/>
</testsuite> <!-- Default test -->
