<?xml version="1.0" encoding="UTF-8"?>
<!-- Generated by org.testng.reporters.JUnitXMLReporter -->
<testsuite ignored="0" hostname="K425LTRV" failures="3" tests="3" name="Default test" time="77.676" errors="0" timestamp="2024-05-06T15:54:13 IST">
  <testcase classname="io.cucumber.testng.AbstractTestNGCucumberTests" name="runScenario" time="15.83">
    <failure type="java.lang.NullPointerException">
      <![CDATA[java.lang.NullPointerException
at java.base/java.util.Objects.requireNonNull(Objects.java:209)
at java.base/java.util.ImmutableCollections$Map1.<init>(ImmutableCollections.java:1105)
at java.base/java.util.Map.of(Map.java:1353)
at org.openqa.selenium.remote.DriverCommand.GET(DriverCommand.java:180)
at org.openqa.selenium.remote.RemoteWebDriver.get(RemoteWebDriver.java:300)
at org.openqa.selenium.remote.RemoteWebDriver$RemoteNavigation.to(RemoteWebDriver.java:1063)
at com.ust.lenskart.base.TestBase.navigateTo(TestBase.java:59)
at stepdefinitions.Hooks.setup(Hooks.java:22)
]]>
    </failure>
  </testcase> <!-- runScenario -->
  <testcase classname="io.cucumber.testng.AbstractTestNGCucumberTests" name="runScenario" time="19.008">
    <failure type="java.lang.NullPointerException">
      <![CDATA[java.lang.NullPointerException
at java.base/java.util.Objects.requireNonNull(Objects.java:209)
at java.base/java.util.ImmutableCollections$Map1.<init>(ImmutableCollections.java:1105)
at java.base/java.util.Map.of(Map.java:1353)
at org.openqa.selenium.remote.DriverCommand.GET(DriverCommand.java:180)
at org.openqa.selenium.remote.RemoteWebDriver.get(RemoteWebDriver.java:300)
at org.openqa.selenium.remote.RemoteWebDriver$RemoteNavigation.to(RemoteWebDriver.java:1063)
at com.ust.lenskart.base.TestBase.navigateTo(TestBase.java:59)
at stepdefinitions.Hooks.setup(Hooks.java:22)
]]>
    </failure>
  </testcase> <!-- runScenario -->
  <testcase classname="io.cucumber.testng.AbstractTestNGCucumberTests" name="runScenario" time="41.22">
    <failure type="java.lang.NullPointerException">
      <![CDATA[java.lang.NullPointerException
at java.base/java.util.Objects.requireNonNull(Objects.java:209)
at java.base/java.util.ImmutableCollections$Map1.<init>(ImmutableCollections.java:1105)
at java.base/java.util.Map.of(Map.java:1353)
at org.openqa.selenium.remote.DriverCommand.GET(DriverCommand.java:180)
at org.openqa.selenium.remote.RemoteWebDriver.get(RemoteWebDriver.java:300)
at org.openqa.selenium.remote.RemoteWebDriver$RemoteNavigation.to(RemoteWebDriver.java:1063)
at com.ust.lenskart.base.TestBase.navigateTo(TestBase.java:59)
at stepdefinitions.Hooks.setup(Hooks.java:22)
]]>
    </failure>
  </testcase> <!-- runScenario -->
</testsuite> <!-- Default test -->
