<?xml version="1.0" encoding="UTF-8"?>
<!-- Generated by org.testng.reporters.JUnitXMLReporter -->
<testsuite ignored="0" hostname="K473LTRV" failures="0" tests="3" name="Default test" time="160.527" errors="0" timestamp="2024-05-03T17:23:36 IST">
  <testcase classname="com.ust.lenskart.testcases.TestSortBy" name="testEnterSearchBox" time="6.04"/>
  <testcase classname="com.ust.lenskart.testcases.TestSortBy" name="TsetSortByLowToHigh" time="73.045"/>
  <testcase classname="com.ust.lenskart.testcases.TestSortBy" name="TsetSortByHighToLow" time="72.284"/>
</testsuite> <!-- Default test -->
