<?xml version="1.0" encoding="UTF-8"?>
<!-- Generated by org.testng.reporters.JUnitXMLReporter -->
<testsuite ignored="0" hostname="K425LTRV" failures="0" tests="3" name="Default test" time="112.64" errors="0" timestamp="2024-05-03T17:15:51 IST">
  <testcase classname="com.ust.lenskart.testcases.TestResetFilters" name="testEnterSearchBox" time="9.891"/>
  <testcase classname="com.ust.lenskart.testcases.TestResetFilters" name="testSetFilters" time="76.605"/>
  <testcase classname="com.ust.lenskart.testcases.TestResetFilters" name="testResetFilters" time="1.759"/>
</testsuite> <!-- Default test -->
