<?xml version="1.0" encoding="UTF-8"?>
<!-- Generated by org.testng.reporters.JUnitXMLReporter -->
<testsuite ignored="0" hostname="K425LTRV" failures="0" tests="3" name="Default test" time="166.988" errors="0" timestamp="2024-04-30T13:14:07 IST">
  <testcase classname="com.ust.lenskart.testcases.TestResetFilters" name="testEnterSearchBox" time="23.294"/>
  <testcase classname="com.ust.lenskart.testcases.TestResetFilters" name="testSetFilters" time="100.129"/>
  <testcase classname="com.ust.lenskart.testcases.TestResetFilters" name="testResetFilters" time="3.825"/>
</testsuite> <!-- Default test -->
