<?xml version="1.0" encoding="UTF-8"?>
<!-- Generated by org.testng.reporters.JUnitXMLReporter -->
<testsuite ignored="0" hostname="K425LTRV" failures="0" tests="6" name="Default test" time="178.651" errors="0" timestamp="2024-05-07T08:22:55 IST">
  <testcase classname="com.ust.lenskart.testcases.TestChatBot" name="testEnterSearchBox" time="3.168"/>
  <testcase classname="com.ust.lenskart.testcases.TestChatBot" name="testChatBot" time="8.487"/>
  <testcase classname="com.ust.lenskart.testcases.TestChatBot" name="testChatNewConversation" time="7.571"/>
  <testcase classname="com.ust.lenskart.testcases.TestChatBot" name="testChatBotSuggestion" time="35.455"/>
  <testcase classname="com.ust.lenskart.testcases.TestChatBot" name="testChatBotSuggestion" time="16.88"/>
  <testcase classname="com.ust.lenskart.testcases.TestChatBot" name="testChatBotSuggestion" time="18.506"/>
</testsuite> <!-- Default test -->
