[{"line":2,"elements":[{"start_timestamp":"2024-05-06T15:43:49.093Z","before":[{"result":{"duration":13603075900,"status":"passed"},"match":{"location":"stepdefinitions.Hooks.setup()"}}],"line":6,"name":"Adding item to the cart functionality","description":"","id":"add-to-cart-functionality;adding-item-to-the-cart-functionality","after":[{"result":{"duration":331477400,"status":"passed"},"match":{"location":"stepdefinitions.Hooks.tearDown(io.cucumber.java.Scenario)"}}],"type":"scenario","keyword":"Scenario","steps":[{"result":{"duration":41870200,"status":"passed"},"line":7,"name":"User already on homepage","match":{"location":"stepdefinitions.BookAppointmentTest.user_already_on_homepage()"},"keyword":"Given "},{"result":{"duration":5688611900,"status":"passed"},"line":8,"name":"User search for Aviator","match":{"location":"stepdefinitions.AddItemInCart.user_search_for_aviator()"},"keyword":"When "},{"result":{"duration":2175830900,"status":"passed"},"line":9,"name":"User selects a Product","match":{"location":"stepdefinitions.AddItemInCart.user_selects_a_product()"},"keyword":"Then "},{"result":{"duration":3854493200,"status":"passed"},"line":10,"name":"User on product page","match":{"location":"stepdefinitions.AddItemInCart.user_on_product_page()"},"keyword":"Then "},{"result":{"duration":162249900,"status":"passed"},"line":11,"name":"User clicks on Buy Now","match":{"location":"stepdefinitions.AddItemInCart.user_clicks_on_buy_now()"},"keyword":"And "},{"result":{"duration":5030752700,"status":"passed"},"line":12,"name":"User will successfully add item to the Cart","match":{"location":"stepdefinitions.AddItemInCart.user_will_successfully_add_item_to_the_cart()"},"keyword":"Then "}],"tags":[{"name":"@AddToCart"},{"name":"@itemAdding"}]},{"start_timestamp":"2024-05-06T15:44:20.053Z","before":[{"result":{"duration":13291644000,"status":"passed"},"match":{"location":"stepdefinitions.Hooks.setup()"}}],"line":15,"name":"Removing item from an empty cart functionality","description":"","id":"add-to-cart-functionality;removing-item-from-an-empty-cart-functionality","after":[{"result":{"duration":299859800,"status":"passed"},"match":{"location":"stepdefinitions.Hooks.tearDown(io.cucumber.java.Scenario)"}}],"type":"scenario","keyword":"Scenario","steps":[{"result":{"duration":64203700,"status":"passed"},"line":16,"name":"User already on homepage","match":{"location":"stepdefinitions.BookAppointmentTest.user_already_on_homepage()"},"keyword":"Given "},{"result":{"duration":230632900,"status":"passed"},"line":17,"name":"User clicks on cart link","match":{"location":"stepdefinitions.RemoveItemInvalid.user_clicks_on_cart_link()"},"keyword":"When "},{"result":{"duration":1666089400,"status":"passed"},"line":18,"name":"User sees \"Your shopping cart is empty! !\"","match":{"arguments":[{"val":"\"Your shopping cart is empty! !\"","offset":10}],"location":"stepdefinitions.RemoveItemInvalid.user_sees(java.lang.String)"},"keyword":"Then "}],"tags":[{"name":"@AddToCart"},{"name":"@removeItemNegative"}]},{"start_timestamp":"2024-05-06T15:44:35.621Z","before":[{"result":{"duration":11444892000,"status":"passed"},"match":{"location":"stepdefinitions.Hooks.setup()"}}],"line":21,"name":"Removing item from cart functionality","description":"","id":"add-to-cart-functionality;removing-item-from-cart-functionality","after":[{"result":{"duration":408520100,"status":"passed"},"match":{"location":"stepdefinitions.Hooks.tearDown(io.cucumber.java.Scenario)"}}],"type":"scenario","keyword":"Scenario","steps":[{"result":{"duration":60360600,"status":"passed"},"line":22,"name":"User already on homepage","match":{"location":"stepdefinitions.BookAppointmentTest.user_already_on_homepage()"},"keyword":"Given "},{"result":{"duration":6893076600,"status":"passed"},"line":23,"name":"User search for Aviator","match":{"location":"stepdefinitions.AddItemInCart.user_search_for_aviator()"},"keyword":"When "},{"result":{"duration":2209627000,"status":"passed"},"line":24,"name":"User selects a Product","match":{"location":"stepdefinitions.AddItemInCart.user_selects_a_product()"},"keyword":"Then "},{"result":{"duration":14922942600,"status":"passed"},"line":25,"name":"User on product page","match":{"location":"stepdefinitions.AddItemInCart.user_on_product_page()"},"keyword":"Then "},{"result":{"duration":202674100,"status":"passed"},"line":26,"name":"User clicks on Buy Now","match":{"location":"stepdefinitions.AddItemInCart.user_clicks_on_buy_now()"},"keyword":"And "},{"result":{"duration":5052677100,"status":"passed"},"line":27,"name":"User will successfully add item to the Cart","match":{"location":"stepdefinitions.AddItemInCart.user_will_successfully_add_item_to_the_cart()"},"keyword":"Then "},{"result":{"duration":3091276700,"status":"passed"},"line":28,"name":"User goto the homepage","match":{"location":"stepdefinitions.RemoveItemValid.user_goto_the_homepage()"},"keyword":"Then "},{"result":{"duration":130155500,"status":"passed"},"line":29,"name":"User clicks on cart link","match":{"location":"stepdefinitions.RemoveItemInvalid.user_clicks_on_cart_link()"},"keyword":"When "},{"result":{"duration":3294370800,"status":"passed"},"line":30,"name":"User removes an Item from the cart","match":{"location":"stepdefinitions.RemoveItemValid.user_removes_an_item_from_the_cart()"},"keyword":"Then "},{"result":{"duration":32912600,"status":"passed"},"line":31,"name":"User sees \"Your shopping cart is empty! !\"","match":{"arguments":[{"val":"\"Your shopping cart is empty! !\"","offset":10}],"location":"stepdefinitions.RemoveItemInvalid.user_sees(java.lang.String)"},"keyword":"Then "}],"tags":[{"name":"@AddToCart"},{"name":"@removeItemPositive"}]}],"name":"Add to cart functionality","description":"\tAs a user i want to add item to cart and remove item from the cart","id":"add-to-cart-functionality","keyword":"Feature","uri":"file:src/test/resources/features/AddToCart.feature","tags":[{"name":"@AddToCart","type":"Tag","location":{"line":1,"column":1}}]},{"line":2,"elements":[{"start_timestamp":"2024-05-06T15:45:23.380Z","before":[{"result":{"duration":12313833800,"status":"passed"},"match":{"location":"stepdefinitions.Hooks.setup()"}}],"line":6,"name":"Appointment booking functionality","description":"","id":"book-an-appointment;appointment-booking-functionality","after":[{"result":{"duration":638169600,"status":"passed"},"match":{"location":"stepdefinitions.Hooks.tearDown(io.cucumber.java.Scenario)"}}],"type":"scenario","keyword":"Scenario","steps":[{"result":{"duration":50486800,"status":"passed"},"line":7,"name":"User already on homepage","match":{"location":"stepdefinitions.BookAppointmentTest.user_already_on_homepage()"},"keyword":"Given "},{"result":{"duration":7683064200,"status":"passed"},"line":8,"name":"User hover over store locator and clicks locate a store","match":{"location":"stepdefinitions.BookAppointmentTest.user_hover_over_store_locator_and_clicks_locate_a_store()"},"keyword":"When "},{"result":{"duration":1066442800,"status":"passed"},"line":9,"name":"User on store page","match":{"location":"stepdefinitions.BookAppointmentTest.user_on_store_page()"},"keyword":"Then "},{"result":{"duration":2149120900,"status":"passed"},"line":10,"name":"User searches \"Murinjapalam\" and selects the first suggestion","match":{"arguments":[{"val":"\"Murinjapalam\"","offset":14}],"location":"stepdefinitions.BookAppointmentTest.user_searches_and_selects_the_first_suggestion(java.lang.String)"},"keyword":"And "},{"result":{"error_message":"org.openqa.selenium.TimeoutException: Expected condition failed: waiting for visibility of Proxy element for: DefaultElementLocator 'By.xpath: //div[@class='Schedule_allShift___NPxw']/div[not(contains(@style, 'cursor: not-allowed'))][1]' (tried for 10 second(s) with 500 milliseconds interval)\r\n\tat org.openqa.selenium.support.ui.WebDriverWait.timeoutException(WebDriverWait.java:84)\r\n\tat org.openqa.selenium.support.ui.FluentWait.until(FluentWait.java:228)\r\n\tat com.ust.lenskart.pages.StorePage.selectShift(StorePage.java:101)\r\n\tat stepdefinitions.BookAppointmentTest.user_book_a_free_appointment_from_the_top_most_list(BookAppointmentTest.java:69)\r\n\tat ✽.User book a free appointment from the top most list(file:///C:/Users/268877/eclipse-workspace/LenskartQA/src/test/resources/features/Appointment.feature:11)\r\nCaused by: org.openqa.selenium.NoSuchElementException: no such element: Unable to locate element: {\"method\":\"xpath\",\"selector\":\"//div[@class='Schedule_allShift___NPxw']/div[not(contains(@style, 'cursor: not-allowed'))][1]\"}\n  (Session info: chrome=124.0.6367.119)\nFor documentation on this error, please visit: https://www.selenium.dev/documentation/webdriver/troubleshooting/errors#no-such-element-exception\nBuild info: version: '4.19.1', revision: 'abe0ee07dc'\nSystem info: os.name: 'Windows 10', os.arch: 'amd64', os.version: '10.0', java.version: '17.0.10'\nDriver info: org.openqa.selenium.chrome.ChromeDriver\nCommand: [ddc670680777b2f2615f51d728bb731c, findElement {value=//div[@class='Schedule_allShift___NPxw']/div[not(contains(@style, 'cursor: not-allowed'))][1], using=xpath}]\nCapabilities {acceptInsecureCerts: false, browserName: chrome, browserVersion: 124.0.6367.119, chrome: {chromedriverVersion: 124.0.6367.91 (51df0e5e17a8..., userDataDir: C:\\Users\\268877\\AppData\\Loc...}, fedcm:accounts: true, goog:chromeOptions: {debuggerAddress: localhost:58980}, networkConnectionEnabled: false, pageLoadStrategy: normal, platformName: windows, proxy: Proxy(), se:cdp: ws://localhost:58980/devtoo..., se:cdpVersion: 124.0.6367.119, setWindowRect: true, strictFileInteractability: false, timeouts: {implicit: 0, pageLoad: 300000, script: 30000}, unhandledPromptBehavior: dismiss and notify, webauthn:extension:credBlob: true, webauthn:extension:largeBlob: true, webauthn:extension:minPinLength: true, webauthn:extension:prf: true, webauthn:virtualAuthenticators: true}\nSession ID: ddc670680777b2f2615f51d728bb731c\r\n\tat jdk.internal.reflect.GeneratedConstructorAccessor34.newInstance(Unknown Source)\r\n\tat java.base/jdk.internal.reflect.DelegatingConstructorAccessorImpl.newInstance(DelegatingConstructorAccessorImpl.java:45)\r\n\tat java.base/java.lang.reflect.Constructor.newInstanceWithCaller(Constructor.java:499)\r\n\tat java.base/java.lang.reflect.Constructor.newInstance(Constructor.java:480)\r\n\tat org.openqa.selenium.remote.ErrorCodec.decode(ErrorCodec.java:167)\r\n\tat org.openqa.selenium.remote.codec.w3c.W3CHttpResponseCodec.decode(W3CHttpResponseCodec.java:138)\r\n\tat org.openqa.selenium.remote.codec.w3c.W3CHttpResponseCodec.decode(W3CHttpResponseCodec.java:50)\r\n\tat org.openqa.selenium.remote.HttpCommandExecutor.execute(HttpCommandExecutor.java:190)\r\n\tat org.openqa.selenium.remote.service.DriverCommandExecutor.invokeExecute(DriverCommandExecutor.java:216)\r\n\tat org.openqa.selenium.remote.service.DriverCommandExecutor.execute(DriverCommandExecutor.java:174)\r\n\tat org.openqa.selenium.remote.RemoteWebDriver.execute(RemoteWebDriver.java:518)\r\n\tat org.openqa.selenium.remote.ElementLocation$ElementFinder$2.findElement(ElementLocation.java:165)\r\n\tat org.openqa.selenium.remote.ElementLocation.findElement(ElementLocation.java:59)\r\n\tat org.openqa.selenium.remote.RemoteWebDriver.findElement(RemoteWebDriver.java:355)\r\n\tat org.openqa.selenium.remote.RemoteWebDriver.findElement(RemoteWebDriver.java:349)\r\n\tat org.openqa.selenium.support.pagefactory.DefaultElementLocator.findElement(DefaultElementLocator.java:68)\r\n\tat org.openqa.selenium.support.pagefactory.internal.LocatingElementHandler.invoke(LocatingElementHandler.java:38)\r\n\tat jdk.proxy2/jdk.proxy2.$Proxy27.isDisplayed(Unknown Source)\r\n\tat org.openqa.selenium.support.ui.ExpectedConditions.elementIfVisible(ExpectedConditions.java:304)\r\n\tat org.openqa.selenium.support.ui.ExpectedConditions$10.apply(ExpectedConditions.java:290)\r\n\tat org.openqa.selenium.support.ui.ExpectedConditions$10.apply(ExpectedConditions.java:287)\r\n\tat org.openqa.selenium.support.ui.FluentWait.until(FluentWait.java:203)\r\n\tat com.ust.lenskart.pages.StorePage.selectShift(StorePage.java:101)\r\n\tat stepdefinitions.BookAppointmentTest.user_book_a_free_appointment_from_the_top_most_list(BookAppointmentTest.java:69)\r\n\tat java.base/jdk.internal.reflect.NativeMethodAccessorImpl.invoke0(Native Method)\r\n\tat java.base/jdk.internal.reflect.NativeMethodAccessorImpl.invoke(NativeMethodAccessorImpl.java:77)\r\n\tat java.base/jdk.internal.reflect.DelegatingMethodAccessorImpl.invoke(DelegatingMethodAccessorImpl.java:43)\r\n\tat java.base/java.lang.reflect.Method.invoke(Method.java:568)\r\n\tat io.cucumber.java.Invoker.doInvoke(Invoker.java:66)\r\n\tat io.cucumber.java.Invoker.invoke(Invoker.java:24)\r\n\tat io.cucumber.java.AbstractGlueDefinition.invokeMethod(AbstractGlueDefinition.java:47)\r\n\tat io.cucumber.java.JavaStepDefinition.execute(JavaStepDefinition.java:29)\r\n\tat io.cucumber.core.runner.CoreStepDefinition.execute(CoreStepDefinition.java:66)\r\n\tat io.cucumber.core.runner.PickleStepDefinitionMatch.runStep(PickleStepDefinitionMatch.java:63)\r\n\tat io.cucumber.core.runner.ExecutionMode$1.execute(ExecutionMode.java:10)\r\n\tat io.cucumber.core.runner.TestStep.executeStep(TestStep.java:81)\r\n\tat io.cucumber.core.runner.TestStep.run(TestStep.java:53)\r\n\tat io.cucumber.core.runner.PickleStepTestStep.run(PickleStepTestStep.java:51)\r\n\tat io.cucumber.core.runner.TestCase.run(TestCase.java:84)\r\n\tat io.cucumber.core.runner.Runner.runPickle(Runner.java:75)\r\n\tat io.cucumber.testng.TestNGCucumberRunner.lambda$runScenario$1(TestNGCucumberRunner.java:132)\r\n\tat io.cucumber.core.runtime.CucumberExecutionContext.lambda$runTestCase$5(CucumberExecutionContext.java:136)\r\n\tat io.cucumber.core.runtime.RethrowingThrowableCollector.executeAndThrow(RethrowingThrowableCollector.java:23)\r\n\tat io.cucumber.core.runtime.CucumberExecutionContext.runTestCase(CucumberExecutionContext.java:136)\r\n\tat io.cucumber.testng.TestNGCucumberRunner.runScenario(TestNGCucumberRunner.java:129)\r\n\tat io.cucumber.testng.AbstractTestNGCucumberTests.runScenario(AbstractTestNGCucumberTests.java:35)\r\n\tat java.base/jdk.internal.reflect.NativeMethodAccessorImpl.invoke0(Native Method)\r\n\tat java.base/jdk.internal.reflect.NativeMethodAccessorImpl.invoke(NativeMethodAccessorImpl.java:77)\r\n\tat java.base/jdk.internal.reflect.DelegatingMethodAccessorImpl.invoke(DelegatingMethodAccessorImpl.java:43)\r\n\tat java.base/java.lang.reflect.Method.invoke(Method.java:568)\r\n\tat org.testng.internal.invokers.MethodInvocationHelper.invokeMethod(MethodInvocationHelper.java:139)\r\n\tat org.testng.internal.invokers.TestInvoker.invokeMethod(TestInvoker.java:664)\r\n\tat org.testng.internal.invokers.TestInvoker.invokeTestMethod(TestInvoker.java:228)\r\n\tat org.testng.internal.invokers.MethodRunner.runInSequence(MethodRunner.java:63)\r\n\tat org.testng.internal.invokers.TestInvoker$MethodInvocationAgent.invoke(TestInvoker.java:961)\r\n\tat org.testng.internal.invokers.TestInvoker.invokeTestMethods(TestInvoker.java:201)\r\n\tat org.testng.internal.invokers.TestMethodWorker.invokeTestMethods(TestMethodWorker.java:148)\r\n\tat org.testng.internal.invokers.TestMethodWorker.run(TestMethodWorker.java:128)\r\n\tat java.base/java.util.ArrayList.forEach(ArrayList.java:1511)\r\n\tat org.testng.TestRunner.privateRun(TestRunner.java:819)\r\n\tat org.testng.TestRunner.run(TestRunner.java:619)\r\n\tat org.testng.SuiteRunner.runTest(SuiteRunner.java:443)\r\n\tat org.testng.SuiteRunner.runSequentially(SuiteRunner.java:437)\r\n\tat org.testng.SuiteRunner.privateRun(SuiteRunner.java:397)\r\n\tat org.testng.SuiteRunner.run(SuiteRunner.java:336)\r\n\tat org.testng.SuiteRunnerWorker.runSuite(SuiteRunnerWorker.java:52)\r\n\tat org.testng.SuiteRunnerWorker.run(SuiteRunnerWorker.java:95)\r\n\tat org.testng.TestNG.runSuitesSequentially(TestNG.java:1301)\r\n\tat org.testng.TestNG.runSuitesSequentially(TestNG.java:1296)\r\n\tat org.testng.TestNG.runSuitesLocally(TestNG.java:1228)\r\n\tat org.testng.TestNG.runSuites(TestNG.java:1134)\r\n\tat org.testng.TestNG.run(TestNG.java:1101)\r\n\tat org.testng.remote.AbstractRemoteTestNG.run(AbstractRemoteTestNG.java:115)\r\n\tat org.testng.remote.RemoteTestNG.initAndRun(RemoteTestNG.java:251)\r\n\tat org.testng.remote.RemoteTestNG.main(RemoteTestNG.java:77)\r\n","duration":19446813200,"status":"failed"},"line":11,"name":"User book a free appointment from the top most list","match":{"location":"stepdefinitions.BookAppointmentTest.user_book_a_free_appointment_from_the_top_most_list()"},"keyword":"Then "}],"tags":[{"name":"@Booking"},{"name":"@bookingPositive"}]}],"name":"book an appointment","description":"\tAs a user I want to book an appointment","id":"book-an-appointment","keyword":"Feature","uri":"file:src/test/resources/features/Appointment.feature","tags":[{"name":"@Booking","type":"Tag","location":{"line":1,"column":1}}]},{"line":2,"elements":[{"start_timestamp":"2024-05-06T15:46:06.758Z","before":[{"result":{"duration":19502634300,"status":"passed"},"match":{"location":"stepdefinitions.Hooks.setup()"}}],"line":6,"name":"Login to existing account","description":"","id":"login-functionality;login-to-existing-account","after":[{"result":{"duration":313076000,"status":"passed"},"match":{"location":"stepdefinitions.Hooks.tearDown(io.cucumber.java.Scenario)"}}],"type":"scenario","keyword":"Scenario","steps":[{"result":{"duration":54012000,"status":"passed"},"line":7,"name":"User already on homepage","match":{"location":"stepdefinitions.BookAppointmentTest.user_already_on_homepage()"},"keyword":"Given "},{"result":{"duration":313798200,"status":"passed"},"line":8,"name":"User clicks on signIn Link","match":{"location":"stepdefinitions.LoginValid.user_clicks_on_sign_in_link()"},"keyword":"When "},{"result":{"duration":1645388400,"status":"passed"},"line":9,"name":"User enters email and password and logins","match":{"location":"stepdefinitions.LoginValid.user_enters_email_and_password_and_logins(io.cucumber.datatable.DataTable)"},"rows":[{"cells":["email","vivekvishwanandan89@gmail.com"]},{"cells":["password","oiW45rf"]}],"keyword":"Then "},{"result":{"duration":3061443100,"status":"passed"},"line":12,"name":"'Vivek' will be loggedIn to their homepage","match":{"arguments":[{"val":"'Vivek'","offset":0}],"location":"stepdefinitions.LoginValid.will_be_logged_in_to_their_homepage(java.lang.String)"},"keyword":"And "}],"tags":[{"name":"@SignIn"},{"name":"@loginPositive"}]},{"start_timestamp":"2024-05-06T15:46:31.705Z","before":[{"result":{"duration":16602791200,"status":"passed"},"match":{"location":"stepdefinitions.Hooks.setup()"}}],"line":15,"name":"User tries to login with Invalid Email","description":"","id":"login-functionality;user-tries-to-login-with-invalid-email","after":[{"result":{"duration":737897100,"status":"passed"},"match":{"location":"stepdefinitions.Hooks.tearDown(io.cucumber.java.Scenario)"}}],"type":"scenario","keyword":"Scenario","steps":[{"result":{"duration":43884300,"status":"passed"},"line":16,"name":"User already on homepage","match":{"location":"stepdefinitions.BookAppointmentTest.user_already_on_homepage()"},"keyword":"Given "},{"result":{"error_message":"org.openqa.selenium.TimeoutException: Expected condition failed: waiting for visibility of Proxy element for: DefaultElementLocator 'By.xpath: //span[text()='Sign In']' (tried for 10 second(s) with 500 milliseconds interval)\r\n\tat org.openqa.selenium.support.ui.WebDriverWait.timeoutException(WebDriverWait.java:84)\r\n\tat org.openqa.selenium.support.ui.FluentWait.until(FluentWait.java:228)\r\n\tat com.ust.lenskart.pages.HomePage.clickSignInLink(HomePage.java:259)\r\n\tat stepdefinitions.LoginValid.user_clicks_on_sign_in_link(LoginValid.java:24)\r\n\tat ✽.User clicks on signIn Link(file:///C:/Users/268877/eclipse-workspace/LenskartQA/src/test/resources/features/SignIn.feature:17)\r\nCaused by: org.openqa.selenium.NoSuchElementException: no such element: Unable to locate element: {\"method\":\"xpath\",\"selector\":\"//span[text()='Sign In']\"}\n  (Session info: chrome=124.0.6367.119)\nFor documentation on this error, please visit: https://www.selenium.dev/documentation/webdriver/troubleshooting/errors#no-such-element-exception\nBuild info: version: '4.19.1', revision: 'abe0ee07dc'\nSystem info: os.name: 'Windows 10', os.arch: 'amd64', os.version: '10.0', java.version: '17.0.10'\nDriver info: org.openqa.selenium.chrome.ChromeDriver\nCommand: [1dff7c66ab889b91ffe3d60cea132de7, findElement {value=//span[text()='Sign In'], using=xpath}]\nCapabilities {acceptInsecureCerts: false, browserName: chrome, browserVersion: 124.0.6367.119, chrome: {chromedriverVersion: 124.0.6367.91 (51df0e5e17a8..., userDataDir: C:\\Users\\268877\\AppData\\Loc...}, fedcm:accounts: true, goog:chromeOptions: {debuggerAddress: localhost:59920}, networkConnectionEnabled: false, pageLoadStrategy: normal, platformName: windows, proxy: Proxy(), se:cdp: ws://localhost:59920/devtoo..., se:cdpVersion: 124.0.6367.119, setWindowRect: true, strictFileInteractability: false, timeouts: {implicit: 0, pageLoad: 300000, script: 30000}, unhandledPromptBehavior: dismiss and notify, webauthn:extension:credBlob: true, webauthn:extension:largeBlob: true, webauthn:extension:minPinLength: true, webauthn:extension:prf: true, webauthn:virtualAuthenticators: true}\nSession ID: 1dff7c66ab889b91ffe3d60cea132de7\r\n\tat jdk.internal.reflect.GeneratedConstructorAccessor34.newInstance(Unknown Source)\r\n\tat java.base/jdk.internal.reflect.DelegatingConstructorAccessorImpl.newInstance(DelegatingConstructorAccessorImpl.java:45)\r\n\tat java.base/java.lang.reflect.Constructor.newInstanceWithCaller(Constructor.java:499)\r\n\tat java.base/java.lang.reflect.Constructor.newInstance(Constructor.java:480)\r\n\tat org.openqa.selenium.remote.ErrorCodec.decode(ErrorCodec.java:167)\r\n\tat org.openqa.selenium.remote.codec.w3c.W3CHttpResponseCodec.decode(W3CHttpResponseCodec.java:138)\r\n\tat org.openqa.selenium.remote.codec.w3c.W3CHttpResponseCodec.decode(W3CHttpResponseCodec.java:50)\r\n\tat org.openqa.selenium.remote.HttpCommandExecutor.execute(HttpCommandExecutor.java:190)\r\n\tat org.openqa.selenium.remote.service.DriverCommandExecutor.invokeExecute(DriverCommandExecutor.java:216)\r\n\tat org.openqa.selenium.remote.service.DriverCommandExecutor.execute(DriverCommandExecutor.java:174)\r\n\tat org.openqa.selenium.remote.RemoteWebDriver.execute(RemoteWebDriver.java:518)\r\n\tat org.openqa.selenium.remote.ElementLocation$ElementFinder$2.findElement(ElementLocation.java:165)\r\n\tat org.openqa.selenium.remote.ElementLocation.findElement(ElementLocation.java:59)\r\n\tat org.openqa.selenium.remote.RemoteWebDriver.findElement(RemoteWebDriver.java:355)\r\n\tat org.openqa.selenium.remote.RemoteWebDriver.findElement(RemoteWebDriver.java:349)\r\n\tat org.openqa.selenium.support.pagefactory.DefaultElementLocator.findElement(DefaultElementLocator.java:68)\r\n\tat org.openqa.selenium.support.pagefactory.internal.LocatingElementHandler.invoke(LocatingElementHandler.java:38)\r\n\tat jdk.proxy2/jdk.proxy2.$Proxy27.isDisplayed(Unknown Source)\r\n\tat org.openqa.selenium.support.ui.ExpectedConditions.elementIfVisible(ExpectedConditions.java:304)\r\n\tat org.openqa.selenium.support.ui.ExpectedConditions$10.apply(ExpectedConditions.java:290)\r\n\tat org.openqa.selenium.support.ui.ExpectedConditions$10.apply(ExpectedConditions.java:287)\r\n\tat org.openqa.selenium.support.ui.FluentWait.until(FluentWait.java:203)\r\n\tat com.ust.lenskart.pages.HomePage.clickSignInLink(HomePage.java:259)\r\n\tat stepdefinitions.LoginValid.user_clicks_on_sign_in_link(LoginValid.java:24)\r\n\tat java.base/jdk.internal.reflect.NativeMethodAccessorImpl.invoke0(Native Method)\r\n\tat java.base/jdk.internal.reflect.NativeMethodAccessorImpl.invoke(NativeMethodAccessorImpl.java:77)\r\n\tat java.base/jdk.internal.reflect.DelegatingMethodAccessorImpl.invoke(DelegatingMethodAccessorImpl.java:43)\r\n\tat java.base/java.lang.reflect.Method.invoke(Method.java:568)\r\n\tat io.cucumber.java.Invoker.doInvoke(Invoker.java:66)\r\n\tat io.cucumber.java.Invoker.invoke(Invoker.java:24)\r\n\tat io.cucumber.java.AbstractGlueDefinition.invokeMethod(AbstractGlueDefinition.java:47)\r\n\tat io.cucumber.java.JavaStepDefinition.execute(JavaStepDefinition.java:29)\r\n\tat io.cucumber.core.runner.CoreStepDefinition.execute(CoreStepDefinition.java:66)\r\n\tat io.cucumber.core.runner.PickleStepDefinitionMatch.runStep(PickleStepDefinitionMatch.java:63)\r\n\tat io.cucumber.core.runner.ExecutionMode$1.execute(ExecutionMode.java:10)\r\n\tat io.cucumber.core.runner.TestStep.executeStep(TestStep.java:81)\r\n\tat io.cucumber.core.runner.TestStep.run(TestStep.java:53)\r\n\tat io.cucumber.core.runner.PickleStepTestStep.run(PickleStepTestStep.java:51)\r\n\tat io.cucumber.core.runner.TestCase.run(TestCase.java:84)\r\n\tat io.cucumber.core.runner.Runner.runPickle(Runner.java:75)\r\n\tat io.cucumber.testng.TestNGCucumberRunner.lambda$runScenario$1(TestNGCucumberRunner.java:132)\r\n\tat io.cucumber.core.runtime.CucumberExecutionContext.lambda$runTestCase$5(CucumberExecutionContext.java:136)\r\n\tat io.cucumber.core.runtime.RethrowingThrowableCollector.executeAndThrow(RethrowingThrowableCollector.java:23)\r\n\tat io.cucumber.core.runtime.CucumberExecutionContext.runTestCase(CucumberExecutionContext.java:136)\r\n\tat io.cucumber.testng.TestNGCucumberRunner.runScenario(TestNGCucumberRunner.java:129)\r\n\tat io.cucumber.testng.AbstractTestNGCucumberTests.runScenario(AbstractTestNGCucumberTests.java:35)\r\n\tat java.base/jdk.internal.reflect.NativeMethodAccessorImpl.invoke0(Native Method)\r\n\tat java.base/jdk.internal.reflect.NativeMethodAccessorImpl.invoke(NativeMethodAccessorImpl.java:77)\r\n\tat java.base/jdk.internal.reflect.DelegatingMethodAccessorImpl.invoke(DelegatingMethodAccessorImpl.java:43)\r\n\tat java.base/java.lang.reflect.Method.invoke(Method.java:568)\r\n\tat org.testng.internal.invokers.MethodInvocationHelper.invokeMethod(MethodInvocationHelper.java:139)\r\n\tat org.testng.internal.invokers.TestInvoker.invokeMethod(TestInvoker.java:664)\r\n\tat org.testng.internal.invokers.TestInvoker.invokeTestMethod(TestInvoker.java:228)\r\n\tat org.testng.internal.invokers.MethodRunner.runInSequence(MethodRunner.java:63)\r\n\tat org.testng.internal.invokers.TestInvoker$MethodInvocationAgent.invoke(TestInvoker.java:961)\r\n\tat org.testng.internal.invokers.TestInvoker.invokeTestMethods(TestInvoker.java:201)\r\n\tat org.testng.internal.invokers.TestMethodWorker.invokeTestMethods(TestMethodWorker.java:148)\r\n\tat org.testng.internal.invokers.TestMethodWorker.run(TestMethodWorker.java:128)\r\n\tat java.base/java.util.ArrayList.forEach(ArrayList.java:1511)\r\n\tat org.testng.TestRunner.privateRun(TestRunner.java:819)\r\n\tat org.testng.TestRunner.run(TestRunner.java:619)\r\n\tat org.testng.SuiteRunner.runTest(SuiteRunner.java:443)\r\n\tat org.testng.SuiteRunner.runSequentially(SuiteRunner.java:437)\r\n\tat org.testng.SuiteRunner.privateRun(SuiteRunner.java:397)\r\n\tat org.testng.SuiteRunner.run(SuiteRunner.java:336)\r\n\tat org.testng.SuiteRunnerWorker.runSuite(SuiteRunnerWorker.java:52)\r\n\tat org.testng.SuiteRunnerWorker.run(SuiteRunnerWorker.java:95)\r\n\tat org.testng.TestNG.runSuitesSequentially(TestNG.java:1301)\r\n\tat org.testng.TestNG.runSuitesSequentially(TestNG.java:1296)\r\n\tat org.testng.TestNG.runSuitesLocally(TestNG.java:1228)\r\n\tat org.testng.TestNG.runSuites(TestNG.java:1134)\r\n\tat org.testng.TestNG.run(TestNG.java:1101)\r\n\tat org.testng.remote.AbstractRemoteTestNG.run(AbstractRemoteTestNG.java:115)\r\n\tat org.testng.remote.RemoteTestNG.initAndRun(RemoteTestNG.java:251)\r\n\tat org.testng.remote.RemoteTestNG.main(RemoteTestNG.java:77)\r\n","duration":10482103600,"status":"failed"},"line":17,"name":"User clicks on signIn Link","match":{"location":"stepdefinitions.LoginValid.user_clicks_on_sign_in_link()"},"keyword":"When "},{"result":{"duration":1032700,"status":"skipped"},"line":18,"name":"User enters wrong email 'fakeusertest@gmail.com'","match":{"arguments":[{"val":"'fakeusertest@gmail.com'","offset":24}],"location":"stepdefinitions.LoginInvalid.user_enters_wrong_email(java.lang.String)"},"keyword":"Then "},{"result":{"status":"skipped"},"line":19,"name":"User get \"Account doesn't exist. Use different phone number or email.\" as error","match":{"arguments":[{"val":"\"Account doesn't exist. Use different phone number or email.\"","offset":9}],"location":"stepdefinitions.LoginInvalid.user_get_as_error(java.lang.String)"},"keyword":"And "}],"tags":[{"name":"@SignIn"},{"name":"@loginWrongEmail"}]},{"start_timestamp":"2024-05-06T15:46:59.593Z","before":[{"result":{"duration":13418795800,"status":"passed"},"match":{"location":"stepdefinitions.Hooks.setup()"}}],"line":22,"name":"User tries to login with Invalid password","description":"","id":"login-functionality;user-tries-to-login-with-invalid-password","after":[{"result":{"duration":356641300,"status":"passed"},"match":{"location":"stepdefinitions.Hooks.tearDown(io.cucumber.java.Scenario)"}}],"type":"scenario","keyword":"Scenario","steps":[{"result":{"duration":46874400,"status":"passed"},"line":23,"name":"User already on homepage","match":{"location":"stepdefinitions.BookAppointmentTest.user_already_on_homepage()"},"keyword":"Given "},{"result":{"duration":322191700,"status":"passed"},"line":24,"name":"User clicks on signIn Link","match":{"location":"stepdefinitions.LoginValid.user_clicks_on_sign_in_link()"},"keyword":"When "},{"result":{"duration":1401662100,"status":"passed"},"line":25,"name":"User enters email and password and logins","match":{"location":"stepdefinitions.LoginValid.user_enters_email_and_password_and_logins(io.cucumber.datatable.DataTable)"},"rows":[{"cells":["email","vivekvishwanandan89@gmail.com"]},{"cells":["password","fakeTy6"]}],"keyword":"Then "},{"result":{"duration":3076774200,"status":"passed"},"line":28,"name":"User get \"Either Email or Password is Incorrect\" as error","match":{"arguments":[{"val":"\"Either Email or Password is Incorrect\"","offset":9}],"location":"stepdefinitions.LoginInvalid.user_get_as_error(java.lang.String)"},"keyword":"And "}],"tags":[{"name":"@SignIn"},{"name":"@loginWrongPassword"}]}],"name":"Login functionality","description":"\tAs a user i want to login to my account","id":"login-functionality","keyword":"Feature","uri":"file:src/test/resources/features/SignIn.feature","tags":[{"name":"@SignIn","type":"Tag","location":{"line":1,"column":1}}]},{"line":2,"elements":[{"start_timestamp":"2024-05-06T15:47:18.230Z","before":[{"result":{"duration":13274294100,"status":"passed"},"match":{"location":"stepdefinitions.Hooks.setup()"}}],"line":6,"name":"Creating a new Account","description":"","id":"sign-up-functionality;creating-a-new-account","after":[{"result":{"duration":399209400,"status":"passed"},"match":{"location":"stepdefinitions.Hooks.tearDown(io.cucumber.java.Scenario)"}}],"type":"scenario","keyword":"Scenario","steps":[{"result":{"duration":45877900,"status":"passed"},"line":7,"name":"User already on homepage","match":{"location":"stepdefinitions.BookAppointmentTest.user_already_on_homepage()"},"keyword":"Given "},{"result":{"duration":235805900,"status":"passed"},"line":8,"name":"User clicks on the signup Link.","match":{"location":"stepdefinitions.SignUpValid.user_clicks_on_the_signup_link()"},"keyword":"When "},{"result":{"duration":57852200,"status":"passed"},"line":9,"name":"new window pop ups","match":{"location":"stepdefinitions.SignUpValid.new_window_pop_ups()"},"keyword":"Then "},{"result":{"duration":1530374300,"status":"passed"},"line":10,"name":"User fills all required feilds","match":{"location":"stepdefinitions.SignUpValid.user_fills_all_required_feilds(io.cucumber.datatable.DataTable)"},"rows":[{"cells":["firstname","krishna"]},{"cells":["lastname","kumar"]},{"cells":["mobile","9834231223"]},{"cells":["email","kkrishnatells@gmail.com"]},{"cells":["password","67_&gtweolw"]}],"keyword":"And "}],"tags":[{"name":"@SignUp"},{"name":"@signupPositive"}]},{"start_timestamp":"2024-05-06T15:47:33.790Z","before":[{"result":{"duration":22439887100,"status":"passed"},"match":{"location":"stepdefinitions.Hooks.setup()"}}],"line":22,"name":"Creating a new account with already existing email","description":"","id":"sign-up-functionality;creating-a-new-account-with-already-existing-email","after":[{"result":{"duration":1940485000,"status":"passed"},"match":{"location":"stepdefinitions.Hooks.tearDown(io.cucumber.java.Scenario)"}}],"type":"scenario","keyword":"Scenario","steps":[{"result":{"duration":46891600,"status":"passed"},"line":23,"name":"User already on homepage","match":{"location":"stepdefinitions.BookAppointmentTest.user_already_on_homepage()"},"keyword":"Given "},{"result":{"duration":213204000,"status":"passed"},"line":24,"name":"User clicks on the signup Link.","match":{"location":"stepdefinitions.SignUpValid.user_clicks_on_the_signup_link()"},"keyword":"When "},{"result":{"duration":52482400,"status":"passed"},"line":25,"name":"new window pop ups","match":{"location":"stepdefinitions.SignUpValid.new_window_pop_ups()"},"keyword":"Then "},{"result":{"duration":1576761300,"status":"passed"},"line":26,"name":"User fills all required feilds","match":{"location":"stepdefinitions.SignUpValid.user_fills_all_required_feilds(io.cucumber.datatable.DataTable)"},"rows":[{"cells":["firstname","Dummy"]},{"cells":["lastname","User"]},{"cells":["mobile","7897236601"]},{"cells":["email","vivekvishwanandan89@gmail.com"]},{"cells":["password","-df-erfss"]}],"keyword":"And "},{"result":{"duration":136107100,"status":"passed"},"line":34,"name":"User clicks on Create an Account","match":{"location":"stepdefinitions.SignUpValid.user_clicks_on_create_an_account()"},"keyword":"And "},{"result":{"duration":2059931500,"status":"passed"},"line":35,"name":"User gets \"Email Id already exists: \" as error","match":{"arguments":[{"val":"\"Email Id already exists: \"","offset":10}],"location":"stepdefinitions.SignUpInvalid.user_gets_as_error(java.lang.String)"},"keyword":"Then "}],"tags":[{"name":"@SignUp"},{"name":"@signupNegative"}]}],"name":"Sign Up functionality","description":"\tAs a user i want to creare a new account","id":"sign-up-functionality","keyword":"Feature","uri":"file:src/test/resources/features/SignUp.feature","tags":[{"name":"@SignUp","type":"Tag","location":{"line":1,"column":1}}]}]