<?xml version="1.0" encoding="UTF-8"?>
<!-- Generated by org.testng.reporters.JUnitXMLReporter -->
<testsuite ignored="0" hostname="K425LTRV" failures="0" tests="3" name="Test6" time="121.554" errors="0" timestamp="2024-05-04T10:36:43 IST">
  <testcase classname="com.ust.lenskart.testcases.TestResetFilters" name="testEnterSearchBox" time="13.042"/>
  <testcase classname="com.ust.lenskart.testcases.TestResetFilters" name="testSetFilters" time="89.04"/>
  <testcase classname="com.ust.lenskart.testcases.TestResetFilters" name="testResetFilters" time="2.11"/>
</testsuite> <!-- Test6 -->
