<html>
<head>
<title>TestNG:  Test</title>
<link href="../testng.css" rel="stylesheet" type="text/css" />
<link href="../my-testng.css" rel="stylesheet" type="text/css" />

<style type="text/css">
.log { display: none;} 
.stack-trace { display: none;} 
</style>
<script type="text/javascript">
<!--
function flip(e) {
  current = e.style.display;
  if (current == 'block') {
    e.style.display = 'none';
    return 0;
  }
  else {
    e.style.display = 'block';
    return 1;
  }
}

function toggleBox(szDivId, elem, msg1, msg2)
{
  var res = -1;  if (document.getElementById) {
    res = flip(document.getElementById(szDivId));
  }
  else if (document.all) {
    // this is the way old msie versions work
    res = flip(document.all[szDivId]);
  }
  if(elem) {
    if(res == 0) elem.innerHTML = msg1; else elem.innerHTML = msg2;
  }

}

function toggleAllBoxes() {
  if (document.getElementsByTagName) {
    d = document.getElementsByTagName('div');
    for (i = 0; i < d.length; i++) {
      if (d[i].className == 'log') {
        flip(d[i]);
      }
    }
  }
}

// -->
</script>

</head>
<body>
<h2 align='center'>Test</h2><table border='1' align="center">
<tr>
<td>Tests passed/Failed/Skipped:</td><td>24/1/0</td>
</tr><tr>
<td>Started on:</td><td>Mon May 06 15:00:22 IST 2024</td>
</tr>
<tr><td>Total time:</td><td>716 seconds (716613 ms)</td>
</tr><tr>
<td>Included groups:</td><td></td>
</tr><tr>
<td>Excluded groups:</td><td></td>
</tr>
</table><p/>
<small><i>(Hover the method name to see the test class name)</i></small><p/>
<table width='100%' border='1' class='invocation-failed'>
<tr><td colspan='4' align='center'><b>FAILED TESTS</b></td></tr>
<tr><td><b>Test method</b></td>
<td><b>Attribute(s)</b></td>
<td width="30%"><b>Exception</b></td>
<td width="10%"><b>Time (seconds)</b></td>
<td><b>Instance</b></td>
</tr>
<tr>
<td title='com.ust.lenskart.testcases.TestResetFilters.testSetFilters()'><b>testSetFilters</b><br>Test class: com.ust.lenskart.testcases.TestResetFilters</td>
<td><div><pre>org.openqa.selenium.TimeoutException: Expected condition failed: waiting for visibility of Proxy element for: DefaultElementLocator &apos;By.xpath: //div[@id=&apos;sub_brand_id&apos;]/div[1]&apos; (tried for 10 second(s) with 500 milliseconds interval)
	at org.openqa.selenium.support.ui.WebDriverWait.timeoutException(WebDriverWait.java:84)
	at org.openqa.selenium.support.ui.FluentWait.until(FluentWait.java:228)
	at com.ust.lenskart.pages.SearchItemPage.setSubBrand(SearchItemPage.java:310)
	at com.ust.lenskart.testcases.TestResetFilters.testSetFilters(TestResetFilters.java:29)
	at java.base/java.util.ArrayList.forEach(ArrayList.java:1511)
Caused by: org.openqa.selenium.NoSuchElementException: no such element: Unable to locate element: {&quot;method&quot;:&quot;xpath&quot;,&quot;selector&quot;:&quot;//div[@id=&apos;sub_brand_id&apos;]/div[1]&quot;}
  (Session info: chrome=124.0.6367.119)
For documentation on this error, please visit: https://www.selenium.dev/documentation/webdriver/troubleshooting/errors#no-such-element-exception
Build info: version: &apos;4.19.1&apos;, revision: &apos;abe0ee07dc&apos;
System info: os.name: &apos;Windows 10&apos;, os.arch: &apos;amd64&apos;, os.version: &apos;10.0&apos;, java.version: &apos;17.0.10&apos;
Driver info: org.openqa.selenium.chrome.ChromeDriver
Command: [a96fda13100ae02ef8a8a38edac954f1, findElement {using=xpath, value=//div[@id=&apos;sub_brand_id&apos;]/div[1]}]
Capabilities {acceptInsecureCerts: false, browserName: chrome, browserVersion: 124.0.6367.119, chrome: {chromedriverVersion: 124.0.6367.91 (51df0e5e17a8..., userDataDir: C:\Users\268850\AppData\Loc...}, fedcm:accounts: true, goog:chromeOptions: {debuggerAddress: localhost:52265}, networkConnectionEnabled: false, pageLoadStrategy: normal, platformName: windows, proxy: Proxy(), se:cdp: ws://localhost:52265/devtoo..., se:cdpVersion: 124.0.6367.119, setWindowRect: true, strictFileInteractability: false, timeouts: {implicit: 0, pageLoad: 300000, script: 30000}, unhandledPromptBehavior: dismiss and notify, webauthn:extension:credBlob: true, webauthn:extension:largeBlob: true, webauthn:extension:minPinLength: true, webauthn:extension:prf: true, webauthn:virtualAuthenticators: true}
Session ID: a96fda13100ae02ef8a8a38edac954f1
	at org.openqa.selenium.remote.ErrorCodec.decode(ErrorCodec.java:167)
	at org.openqa.selenium.remote.codec.w3c.W3CHttpResponseCodec.decode(W3CHttpResponseCodec.java:138)
	at org.openqa.selenium.remote.codec.w3c.W3CHttpResponseCodec.decode(W3CHttpResponseCodec.java:50)
	at org.openqa.selenium.remote.HttpCommandExecutor.execute(HttpCommandExecutor.java:190)
	at org.openqa.selenium.remote.service.DriverCommandExecutor.invokeExecute(DriverCommandExecutor.java:216)
	at org.openqa.selenium.remote.service.DriverCommandExecutor.execute(DriverCommandExecutor.java:174)
	at org.openqa.selenium.remote.RemoteWebDriver.execute(RemoteWebDriver.java:518)
	at org.openqa.selenium.remote.ElementLocation$ElementFinder$2.findElement(ElementLocation.java:165)
	at org.openqa.selenium.remote.ElementLocation.findElement(ElementLocation.java:59)
	at org.openqa.selenium.remote.RemoteWebDriver.findElement(RemoteWebDriver.java:355)
	at org.openqa.selenium.remote.RemoteWebDriver.findElement(RemoteWebDriver.java:349)
	at org.openqa.selenium.support.pagefactory.DefaultElementLocator.findElement(DefaultElementLocator.java:68)
	at org.openqa.selenium.support.pagefactory.internal.LocatingElementHandler.invoke(LocatingElementHandler.java:38)
	at jdk.proxy2/jdk.proxy2.$Proxy20.isDisplayed(Unknown Source)
	at org.openqa.selenium.support.ui.ExpectedConditions.elementIfVisible(ExpectedConditions.java:304)
	at org.openqa.selenium.support.ui.ExpectedConditions$10.apply(ExpectedConditions.java:290)
	at org.openqa.selenium.support.ui.ExpectedConditions$10.apply(ExpectedConditions.java:287)
	at org.openqa.selenium.support.ui.FluentWait.until(FluentWait.java:203)
	... 30 more
... Removed 31 stack frames</pre></div><a href='#' onClick='toggleBox("stack-trace717278052", this, "Click to show all stack frames", "Click to hide stack frames")'>Click to show all stack frames</a>
<div class='stack-trace' id='stack-trace717278052'><pre>org.openqa.selenium.TimeoutException: Expected condition failed: waiting for visibility of Proxy element for: DefaultElementLocator &apos;By.xpath: //div[@id=&apos;sub_brand_id&apos;]/div[1]&apos; (tried for 10 second(s) with 500 milliseconds interval)
	at org.openqa.selenium.support.ui.WebDriverWait.timeoutException(WebDriverWait.java:84)
	at org.openqa.selenium.support.ui.FluentWait.until(FluentWait.java:228)
	at com.ust.lenskart.pages.SearchItemPage.setSubBrand(SearchItemPage.java:310)
	at com.ust.lenskart.testcases.TestResetFilters.testSetFilters(TestResetFilters.java:29)
	at java.base/jdk.internal.reflect.NativeMethodAccessorImpl.invoke0(Native Method)
	at java.base/jdk.internal.reflect.NativeMethodAccessorImpl.invoke(NativeMethodAccessorImpl.java:77)
	at java.base/jdk.internal.reflect.DelegatingMethodAccessorImpl.invoke(DelegatingMethodAccessorImpl.java:43)
	at java.base/java.lang.reflect.Method.invoke(Method.java:568)
	at org.testng.internal.invokers.MethodInvocationHelper.invokeMethod(MethodInvocationHelper.java:139)
	at org.testng.internal.invokers.TestInvoker.invokeMethod(TestInvoker.java:664)
	at org.testng.internal.invokers.TestInvoker.invokeTestMethod(TestInvoker.java:228)
	at org.testng.internal.invokers.MethodRunner.runInSequence(MethodRunner.java:63)
	at org.testng.internal.invokers.TestInvoker$MethodInvocationAgent.invoke(TestInvoker.java:961)
	at org.testng.internal.invokers.TestInvoker.invokeTestMethods(TestInvoker.java:201)
	at org.testng.internal.invokers.TestMethodWorker.invokeTestMethods(TestMethodWorker.java:148)
	at org.testng.internal.invokers.TestMethodWorker.run(TestMethodWorker.java:128)
	at java.base/java.util.ArrayList.forEach(ArrayList.java:1511)
	at org.testng.TestRunner.privateRun(TestRunner.java:819)
	at org.testng.TestRunner.run(TestRunner.java:619)
	at org.testng.SuiteRunner.runTest(SuiteRunner.java:443)
	at org.testng.SuiteRunner.runSequentially(SuiteRunner.java:437)
	at org.testng.SuiteRunner.privateRun(SuiteRunner.java:397)
	at org.testng.SuiteRunner.run(SuiteRunner.java:336)
	at org.testng.SuiteRunnerWorker.runSuite(SuiteRunnerWorker.java:52)
	at org.testng.SuiteRunnerWorker.run(SuiteRunnerWorker.java:95)
	at org.testng.TestNG.runSuitesSequentially(TestNG.java:1301)
	at org.testng.TestNG.runSuitesLocally(TestNG.java:1228)
	at org.testng.TestNG.runSuites(TestNG.java:1134)
	at org.testng.TestNG.run(TestNG.java:1101)
	at org.testng.remote.AbstractRemoteTestNG.run(AbstractRemoteTestNG.java:115)
	at org.testng.remote.RemoteTestNG.initAndRun(RemoteTestNG.java:251)
	at org.testng.remote.RemoteTestNG.main(RemoteTestNG.java:77)
Caused by: org.openqa.selenium.NoSuchElementException: no such element: Unable to locate element: {&quot;method&quot;:&quot;xpath&quot;,&quot;selector&quot;:&quot;//div[@id=&apos;sub_brand_id&apos;]/div[1]&quot;}
  (Session info: chrome=124.0.6367.119)
For documentation on this error, please visit: https://www.selenium.dev/documentation/webdriver/troubleshooting/errors#no-such-element-exception
Build info: version: &apos;4.19.1&apos;, revision: &apos;abe0ee07dc&apos;
System info: os.name: &apos;Windows 10&apos;, os.arch: &apos;amd64&apos;, os.version: &apos;10.0&apos;, java.version: &apos;17.0.10&apos;
Driver info: org.openqa.selenium.chrome.ChromeDriver
Command: [a96fda13100ae02ef8a8a38edac954f1, findElement {using=xpath, value=//div[@id=&apos;sub_brand_id&apos;]/div[1]}]
Capabilities {acceptInsecureCerts: false, browserName: chrome, browserVersion: 124.0.6367.119, chrome: {chromedriverVersion: 124.0.6367.91 (51df0e5e17a8..., userDataDir: C:\Users\268850\AppData\Loc...}, fedcm:accounts: true, goog:chromeOptions: {debuggerAddress: localhost:52265}, networkConnectionEnabled: false, pageLoadStrategy: normal, platformName: windows, proxy: Proxy(), se:cdp: ws://localhost:52265/devtoo..., se:cdpVersion: 124.0.6367.119, setWindowRect: true, strictFileInteractability: false, timeouts: {implicit: 0, pageLoad: 300000, script: 30000}, unhandledPromptBehavior: dismiss and notify, webauthn:extension:credBlob: true, webauthn:extension:largeBlob: true, webauthn:extension:minPinLength: true, webauthn:extension:prf: true, webauthn:virtualAuthenticators: true}
Session ID: a96fda13100ae02ef8a8a38edac954f1
	at jdk.internal.reflect.GeneratedConstructorAccessor34.newInstance(Unknown Source)
	at java.base/jdk.internal.reflect.DelegatingConstructorAccessorImpl.newInstance(DelegatingConstructorAccessorImpl.java:45)
	at java.base/java.lang.reflect.Constructor.newInstanceWithCaller(Constructor.java:499)
	at java.base/java.lang.reflect.Constructor.newInstance(Constructor.java:480)
	at org.openqa.selenium.remote.ErrorCodec.decode(ErrorCodec.java:167)
	at org.openqa.selenium.remote.codec.w3c.W3CHttpResponseCodec.decode(W3CHttpResponseCodec.java:138)
	at org.openqa.selenium.remote.codec.w3c.W3CHttpResponseCodec.decode(W3CHttpResponseCodec.java:50)
	at org.openqa.selenium.remote.HttpCommandExecutor.execute(HttpCommandExecutor.java:190)
	at org.openqa.selenium.remote.service.DriverCommandExecutor.invokeExecute(DriverCommandExecutor.java:216)
	at org.openqa.selenium.remote.service.DriverCommandExecutor.execute(DriverCommandExecutor.java:174)
	at org.openqa.selenium.remote.RemoteWebDriver.execute(RemoteWebDriver.java:518)
	at org.openqa.selenium.remote.ElementLocation$ElementFinder$2.findElement(ElementLocation.java:165)
	at org.openqa.selenium.remote.ElementLocation.findElement(ElementLocation.java:59)
	at org.openqa.selenium.remote.RemoteWebDriver.findElement(RemoteWebDriver.java:355)
	at org.openqa.selenium.remote.RemoteWebDriver.findElement(RemoteWebDriver.java:349)
	at org.openqa.selenium.support.pagefactory.DefaultElementLocator.findElement(DefaultElementLocator.java:68)
	at org.openqa.selenium.support.pagefactory.internal.LocatingElementHandler.invoke(LocatingElementHandler.java:38)
	at jdk.proxy2/jdk.proxy2.$Proxy20.isDisplayed(Unknown Source)
	at org.openqa.selenium.support.ui.ExpectedConditions.elementIfVisible(ExpectedConditions.java:304)
	at org.openqa.selenium.support.ui.ExpectedConditions$10.apply(ExpectedConditions.java:290)
	at org.openqa.selenium.support.ui.ExpectedConditions$10.apply(ExpectedConditions.java:287)
	at org.openqa.selenium.support.ui.FluentWait.until(FluentWait.java:203)
	... 30 more
</pre></div></td>
<td>74</td>
<td>com.ust.lenskart.testcases.TestResetFilters@614df0a4</td></tr>
</table><p>
<table width='100%' border='1' class='invocation-passed'>
<tr><td colspan='4' align='center'><b>PASSED TESTS</b></td></tr>
<tr><td><b>Test method</b></td>
<td><b>Attribute(s)</b></td>
<td width="30%"><b>Exception</b></td>
<td width="10%"><b>Time (seconds)</b></td>
<td><b>Instance</b></td>
</tr>
<tr>
<td title='com.ust.lenskart.testcases.TestRemovingFromWishList.testEnterSearchBox()'><b>testEnterSearchBox</b><br>Test class: com.ust.lenskart.testcases.TestRemovingFromWishList</td>
<td></td>
<td>20</td>
<td>com.ust.lenskart.testcases.TestRemovingFromWishList@5cde6747</td></tr>
<tr>
<td title='com.ust.lenskart.testcases.TestRemovingFromWishList.testAddingToWishListAgain()'><b>testAddingToWishListAgain</b><br>Test class: com.ust.lenskart.testcases.TestRemovingFromWishList</td>
<td></td>
<td>15</td>
<td>com.ust.lenskart.testcases.TestRemovingFromWishList@5cde6747</td></tr>
<tr>
<td title='com.ust.lenskart.testcases.TestChatBot.testChatNewConversation()'><b>testChatNewConversation</b><br>Test class: com.ust.lenskart.testcases.TestChatBot</td>
<td></td>
<td>8</td>
<td>com.ust.lenskart.testcases.TestChatBot@3e30646a</td></tr>
<tr>
<td title='com.ust.lenskart.testcases.TestAddingtoWishList.testAssingToWishList()'><b>testAssingToWishList</b><br>Test class: com.ust.lenskart.testcases.TestAddingtoWishList</td>
<td></td>
<td>15</td>
<td>com.ust.lenskart.testcases.TestAddingtoWishList@1199fe66</td></tr>
<tr>
<td title='com.ust.lenskart.testcases.TestSortBy.TsetSortByHighToLow()'><b>TsetSortByHighToLow</b><br>Test class: com.ust.lenskart.testcases.TestSortBy</td>
<td></td>
<td>57</td>
<td>com.ust.lenskart.testcases.TestSortBy@37c7595</td></tr>
<tr>
<td title='com.ust.lenskart.testcases.TestItemSearch.testEnterSearchBox()'><b>testEnterSearchBox</b><br>Test class: com.ust.lenskart.testcases.TestItemSearch</td>
<td></td>
<td>17</td>
<td>com.ust.lenskart.testcases.TestItemSearch@3ed242a4</td></tr>
<tr>
<td title='com.ust.lenskart.testcases.TestChatBot.testChatBotSuggestion()'><b>testChatBotSuggestion</b><br>Test class: com.ust.lenskart.testcases.TestChatBot<br>Parameters: Buy Eyewear, Thanks for choosing Lenskart, Indiaâ€™s largest online eyewear company.</td>
<td></td>
<td>10</td>
<td>com.ust.lenskart.testcases.TestChatBot@3e30646a</td></tr>
<tr>
<td title='com.ust.lenskart.testcases.TestResetFilters.testResetFilters()'><b>testResetFilters</b><br>Test class: com.ust.lenskart.testcases.TestResetFilters</td>
<td></td>
<td>3</td>
<td>com.ust.lenskart.testcases.TestResetFilters@614df0a4</td></tr>
<tr>
<td title='com.ust.lenskart.testcases.TestChatBot.testChatBotSuggestion()'><b>testChatBotSuggestion</b><br>Test class: com.ust.lenskart.testcases.TestChatBot<br>Parameters: Query about my order, Please provide your phone number.</td>
<td></td>
<td>9</td>
<td>com.ust.lenskart.testcases.TestChatBot@3e30646a</td></tr>
<tr>
<td title='com.ust.lenskart.testcases.TestRemovingFromWishList.testAddingToWishList()'><b>testAddingToWishList</b><br>Test class: com.ust.lenskart.testcases.TestRemovingFromWishList</td>
<td></td>
<td>15</td>
<td>com.ust.lenskart.testcases.TestRemovingFromWishList@5cde6747</td></tr>
<tr>
<td title='com.ust.lenskart.testcases.TestSortBy.testEnterSearchBox()'><b>testEnterSearchBox</b><br>Test class: com.ust.lenskart.testcases.TestSortBy</td>
<td></td>
<td>16</td>
<td>com.ust.lenskart.testcases.TestSortBy@37c7595</td></tr>
<tr>
<td title='com.ust.lenskart.testcases.TestSortBy.TsetSortByLowToHigh()'><b>TsetSortByLowToHigh</b><br>Test class: com.ust.lenskart.testcases.TestSortBy</td>
<td></td>
<td>66</td>
<td>com.ust.lenskart.testcases.TestSortBy@37c7595</td></tr>
<tr>
<td title='com.ust.lenskart.testcases.StoreLocatorTest.searchCity()'><b>searchCity</b><br>Test class: com.ust.lenskart.testcases.StoreLocatorTest</td>
<td></td>
<td>5</td>
<td>com.ust.lenskart.testcases.StoreLocatorTest@63a270c9</td></tr>
<tr>
<td title='com.ust.lenskart.testcases.TestRemovingFromWishList.testWishListAgain()'><b>testWishListAgain</b><br>Test class: com.ust.lenskart.testcases.TestRemovingFromWishList</td>
<td></td>
<td>7</td>
<td>com.ust.lenskart.testcases.TestRemovingFromWishList@5cde6747</td></tr>
<tr>
<td title='com.ust.lenskart.testcases.TestItemSearch.testInvalidSearchItem()'><b>testInvalidSearchItem</b><br>Test class: com.ust.lenskart.testcases.TestItemSearch</td>
<td></td>
<td>11</td>
<td>com.ust.lenskart.testcases.TestItemSearch@3ed242a4</td></tr>
<tr>
<td title='com.ust.lenskart.testcases.TestChatBot.testChatBotSuggestion()'><b>testChatBotSuggestion</b><br>Test class: com.ust.lenskart.testcases.TestChatBot<br>Parameters: Locate Nearby Store, View Menu</td>
<td></td>
<td>9</td>
<td>com.ust.lenskart.testcases.TestChatBot@3e30646a</td></tr>
<tr>
<td title='com.ust.lenskart.testcases.TestRemovingFromWishList.testWishList()'><b>testWishList</b><br>Test class: com.ust.lenskart.testcases.TestRemovingFromWishList</td>
<td></td>
<td>17</td>
<td>com.ust.lenskart.testcases.TestRemovingFromWishList@5cde6747</td></tr>
<tr>
<td title='com.ust.lenskart.testcases.StoreLocatorTest.gotoLocator()'><b>gotoLocator</b><br>Test class: com.ust.lenskart.testcases.StoreLocatorTest</td>
<td></td>
<td>14</td>
<td>com.ust.lenskart.testcases.StoreLocatorTest@63a270c9</td></tr>
<tr>
<td title='com.ust.lenskart.testcases.TestWishListEmpty.testWishList()'><b>testWishList</b><br>Test class: com.ust.lenskart.testcases.TestWishListEmpty</td>
<td></td>
<td>3</td>
<td>com.ust.lenskart.testcases.TestWishListEmpty@1c32386d</td></tr>
<tr>
<td title='com.ust.lenskart.testcases.TestAddingtoWishList.testEnterSearchBox()'><b>testEnterSearchBox</b><br>Test class: com.ust.lenskart.testcases.TestAddingtoWishList</td>
<td></td>
<td>18</td>
<td>com.ust.lenskart.testcases.TestAddingtoWishList@1199fe66</td></tr>
<tr>
<td title='com.ust.lenskart.testcases.TestChatBot.testEnterSearchBox()'><b>testEnterSearchBox</b><br>Test class: com.ust.lenskart.testcases.TestChatBot</td>
<td></td>
<td>1</td>
<td>com.ust.lenskart.testcases.TestChatBot@3e30646a</td></tr>
<tr>
<td title='com.ust.lenskart.testcases.TestChatBot.testChatBot()'><b>testChatBot</b><br>Test class: com.ust.lenskart.testcases.TestChatBot</td>
<td></td>
<td>2</td>
<td>com.ust.lenskart.testcases.TestChatBot@3e30646a</td></tr>
<tr>
<td title='com.ust.lenskart.testcases.TestResetFilters.testEnterSearchBox()'><b>testEnterSearchBox</b><br>Test class: com.ust.lenskart.testcases.TestResetFilters</td>
<td></td>
<td>17</td>
<td>com.ust.lenskart.testcases.TestResetFilters@614df0a4</td></tr>
<tr>
<td title='com.ust.lenskart.testcases.TestWishListEmpty.testEnterSearchBox()'><b>testEnterSearchBox</b><br>Test class: com.ust.lenskart.testcases.TestWishListEmpty</td>
<td></td>
<td>26</td>
<td>com.ust.lenskart.testcases.TestWishListEmpty@1c32386d</td></tr>
</table><p>
</body>
</html>