<?xml version="1.0" encoding="UTF-8"?>
<!-- Generated by org.testng.reporters.JUnitXMLReporter -->
<testsuite ignored="0" hostname="K425LTRV" failures="0" tests="5" name="Test2" time="27.761" errors="0" timestamp="2024-05-04T10:41:02 IST">
  <testcase classname="com.ust.lenskart.testcases.TestRemovingFromWishList" name="testEnterSearchBox" time="0.0">
    <skipped/>
  </testcase> <!-- testEnterSearchBox -->
  <testcase classname="com.ust.lenskart.testcases.TestRemovingFromWishList" name="testAddingToWishList" time="0.001">
    <skipped/>
  </testcase> <!-- testAddingToWishList -->
  <testcase classname="com.ust.lenskart.testcases.TestRemovingFromWishList" name="testWishList" time="0.0">
    <skipped/>
  </testcase> <!-- testWishList -->
  <testcase classname="com.ust.lenskart.testcases.TestRemovingFromWishList" name="testAddingToWishListAgain" time="0.0">
    <skipped/>
  </testcase> <!-- testAddingToWishListAgain -->
  <testcase classname="com.ust.lenskart.testcases.TestRemovingFromWishList" name="testWishListAgain" time="0.0">
    <skipped/>
  </testcase> <!-- testWishListAgain -->
</testsuite> <!-- Test2 -->
