<?xml version="1.0" encoding="UTF-8"?>
<!-- Generated by org.testng.reporters.JUnitXMLReporter -->
<testsuite ignored="0" hostname="K473LTRV" failures="1" tests="25" name="Test" time="400.514" errors="0" timestamp="2024-05-06T09:44:58 IST">
  <testcase classname="com.ust.lenskart.testcases.TestWishListEmpty" name="testEnterSearchBox" time="7.29"/>
  <testcase classname="com.ust.lenskart.testcases.TestWishListEmpty" name="testWishList" time="1.367"/>
  <testcase classname="com.ust.lenskart.testcases.TestChatBot" name="testEnterSearchBox" time="0.077"/>
  <testcase classname="com.ust.lenskart.testcases.TestChatBot" name="testChatBot" time="0.767"/>
  <testcase classname="com.ust.lenskart.testcases.TestChatBot" name="testChatNewConversation" time="2.942"/>
  <testcase classname="com.ust.lenskart.testcases.TestChatBot" name="testChatBotSuggestion" time="9.679"/>
  <testcase classname="com.ust.lenskart.testcases.TestChatBot" name="testChatBotSuggestion" time="9.432"/>
  <testcase classname="com.ust.lenskart.testcases.TestChatBot" name="testChatBotSuggestion" time="9.561"/>
  <testcase classname="com.ust.lenskart.testcases.TestRemovingFromWishList" name="testEnterSearchBox" time="7.271"/>
  <testcase classname="com.ust.lenskart.testcases.TestRemovingFromWishList" name="testAddingToWishList" time="8.946"/>
  <testcase classname="com.ust.lenskart.testcases.TestRemovingFromWishList" name="testWishList" time="9.453"/>
  <testcase classname="com.ust.lenskart.testcases.TestRemovingFromWishList" name="testAddingToWishListAgain" time="8.785"/>
  <testcase classname="com.ust.lenskart.testcases.TestRemovingFromWishList" name="testWishListAgain" time="3.414"/>
  <testcase classname="com.ust.lenskart.testcases.StoreLocatorTest" name="gotoLocator" time="10.371"/>
  <testcase classname="com.ust.lenskart.testcases.StoreLocatorTest" name="searchCity" time="5.118"/>
  <testcase classname="com.ust.lenskart.testcases.TestSortBy" name="testEnterSearchBox" time="7.213"/>
  <testcase classname="com.ust.lenskart.testcases.TestSortBy" name="TsetSortByLowToHigh" time="53.302"/>
  <testcase classname="com.ust.lenskart.testcases.TestSortBy" name="TsetSortByHighToLow" time="52.945"/>
  <testcase classname="com.ust.lenskart.testcases.TestAddingtoWishList" name="testEnterSearchBox" time="7.436"/>
  <testcase classname="com.ust.lenskart.testcases.TestAddingtoWishList" name="testAssingToWishList" time="8.637"/>
  <testcase classname="com.ust.lenskart.testcases.TestItemSearch" name="testEnterSearchBox" time="7.604"/>
  <testcase classname="com.ust.lenskart.testcases.TestItemSearch" name="testInvalidSearchItem" time="5.431"/>
  <testcase classname="com.ust.lenskart.testcases.TestResetFilters" name="testEnterSearchBox" time="7.601"/>
  <testcase classname="com.ust.lenskart.testcases.TestResetFilters" name="testSetFilters" time="13.581">
    <failure type="org.openqa.selenium.ElementClickInterceptedException" message="element click intercepted: Element &amp;lt;div class=&amp;quot;TitleBox--ch1l8z gVEjzl&amp;quot;&amp;gt;...&amp;lt;/div&amp;gt; is not clickable at point (152, 557). Other element would receive the click: &amp;lt;div style=&amp;quot;min-height: 900px;&amp;quot;&amp;gt;...&amp;lt;/div&amp;gt;
  (Session info: chrome=124.0.6367.119)
Build info: version: &amp;apos;4.19.1&amp;apos;, revision: &amp;apos;abe0ee07dc&amp;apos;
System info: os.name: &amp;apos;Windows 10&amp;apos;, os.arch: &amp;apos;amd64&amp;apos;, os.version: &amp;apos;10.0&amp;apos;, java.version: &amp;apos;17.0.10&amp;apos;
Driver info: org.openqa.selenium.chrome.ChromeDriver
Command: [621ed39eb48adcce7df35f320c6b01f2, clickElement {id=f.72AA6E3FB8482BFB30A0A74057901A97.d.4895B723947836D66513B2A9F6ABED48.e.504}]
Capabilities {acceptInsecureCerts: false, browserName: chrome, browserVersion: 124.0.6367.119, chrome: {chromedriverVersion: 124.0.6367.91 (51df0e5e17a8..., userDataDir: C:\Users\268877\AppData\Loc...}, fedcm:accounts: true, goog:chromeOptions: {debuggerAddress: localhost:51223}, networkConnectionEnabled: false, pageLoadStrategy: normal, platformName: windows, proxy: Proxy(), se:cdp: ws://localhost:51223/devtoo..., se:cdpVersion: 124.0.6367.119, setWindowRect: true, strictFileInteractability: false, timeouts: {implicit: 0, pageLoad: 300000, script: 30000}, unhandledPromptBehavior: dismiss and notify, webauthn:extension:credBlob: true, webauthn:extension:largeBlob: true, webauthn:extension:minPinLength: true, webauthn:extension:prf: true, webauthn:virtualAuthenticators: true}
Element: [[ChromeDriver: chrome on windows (621ed39eb48adcce7df35f320c6b01f2)] -&amp;gt; xpath: //div[@id=&amp;apos;frame_size_id&amp;apos;]/div[1]]
Session ID: 621ed39eb48adcce7df35f320c6b01f2">
      <![CDATA[org.openqa.selenium.ElementClickInterceptedException: element click intercepted: Element <div class="TitleBox--ch1l8z gVEjzl">...</div> is not clickable at point (152, 557). Other element would receive the click: <div style="min-height: 900px;">...</div>
  (Session info: chrome=124.0.6367.119)
Build info: version: '4.19.1', revision: 'abe0ee07dc'
System info: os.name: 'Windows 10', os.arch: 'amd64', os.version: '10.0', java.version: '17.0.10'
Driver info: org.openqa.selenium.chrome.ChromeDriver
Command: [621ed39eb48adcce7df35f320c6b01f2, clickElement {id=f.72AA6E3FB8482BFB30A0A74057901A97.d.4895B723947836D66513B2A9F6ABED48.e.504}]
Capabilities {acceptInsecureCerts: false, browserName: chrome, browserVersion: 124.0.6367.119, chrome: {chromedriverVersion: 124.0.6367.91 (51df0e5e17a8..., userDataDir: C:\Users\268877\AppData\Loc...}, fedcm:accounts: true, goog:chromeOptions: {debuggerAddress: localhost:51223}, networkConnectionEnabled: false, pageLoadStrategy: normal, platformName: windows, proxy: Proxy(), se:cdp: ws://localhost:51223/devtoo..., se:cdpVersion: 124.0.6367.119, setWindowRect: true, strictFileInteractability: false, timeouts: {implicit: 0, pageLoad: 300000, script: 30000}, unhandledPromptBehavior: dismiss and notify, webauthn:extension:credBlob: true, webauthn:extension:largeBlob: true, webauthn:extension:minPinLength: true, webauthn:extension:prf: true, webauthn:virtualAuthenticators: true}
Element: [[ChromeDriver: chrome on windows (621ed39eb48adcce7df35f320c6b01f2)] -> xpath: //div[@id='frame_size_id']/div[1]]
Session ID: 621ed39eb48adcce7df35f320c6b01f2
at org.openqa.selenium.remote.ErrorCodec.decode(ErrorCodec.java:167)
at org.openqa.selenium.remote.codec.w3c.W3CHttpResponseCodec.decode(W3CHttpResponseCodec.java:138)
at org.openqa.selenium.remote.codec.w3c.W3CHttpResponseCodec.decode(W3CHttpResponseCodec.java:50)
at org.openqa.selenium.remote.HttpCommandExecutor.execute(HttpCommandExecutor.java:190)
at org.openqa.selenium.remote.service.DriverCommandExecutor.invokeExecute(DriverCommandExecutor.java:216)
at org.openqa.selenium.remote.service.DriverCommandExecutor.execute(DriverCommandExecutor.java:174)
at org.openqa.selenium.remote.RemoteWebDriver.execute(RemoteWebDriver.java:518)
at org.openqa.selenium.remote.RemoteWebElement.execute(RemoteWebElement.java:223)
at org.openqa.selenium.remote.RemoteWebElement.click(RemoteWebElement.java:76)
at org.openqa.selenium.support.pagefactory.internal.LocatingElementHandler.invoke(LocatingElementHandler.java:51)
at jdk.proxy2/jdk.proxy2.$Proxy17.click(Unknown Source)
at com.ust.lenskart.pages.SearchItemPage.setFrameSize(SearchItemPage.java:211)
at com.ust.lenskart.testcases.TestResetFilters.testSetFilters(TestResetFilters.java:32)
at java.base/java.util.ArrayList.forEach(ArrayList.java:1511)
... Removed 35 stack frames]]>
    </failure>
  </testcase> <!-- testSetFilters -->
  <testcase classname="com.ust.lenskart.testcases.TestResetFilters" name="testResetFilters" time="0.746"/>
</testsuite> <!-- Test -->
