<?xml version="1.0" encoding="UTF-8"?>
<testng-results ignored="0" total="2" passed="2" failed="0" skipped="0">
  <reporter-output>
  </reporter-output>
  <suite started-at="2024-04-22T22:24:22 IST" name="Default suite" finished-at="2024-04-22T22:25:29 IST" duration-ms="67067">
    <groups>
    </groups>
    <test started-at="2024-04-22T22:24:22 IST" name="Default test" finished-at="2024-04-22T22:25:29 IST" duration-ms="67067">
      <class name="com.ust.lenskart.testcases.StoreLocatorTest">
        <test-method is-config="true" signature="setup()[pri:0, instance:com.ust.lenskart.testcases.StoreLocatorTest@1224144a]" started-at="2024-04-22T22:24:22 IST" name="setup" finished-at="2024-04-22T22:24:29 IST" duration-ms="6646" status="PASS">
          <reporter-output>
          </reporter-output>
        </test-method> <!-- setup -->
        <test-method is-config="true" signature="pageLoader()[pri:0, instance:com.ust.lenskart.testcases.StoreLocatorTest@1224144a]" started-at="2024-04-22T22:24:29 IST" name="pageLoader" finished-at="2024-04-22T22:25:14 IST" duration-ms="45361" status="PASS">
          <reporter-output>
          </reporter-output>
        </test-method> <!-- pageLoader -->
        <test-method signature="gotoLocator()[pri:0, instance:com.ust.lenskart.testcases.StoreLocatorTest@1224144a]" started-at="2024-04-22T22:25:14 IST" name="gotoLocator" finished-at="2024-04-22T22:25:22 IST" duration-ms="7508" status="PASS">
          <reporter-output>
          </reporter-output>
        </test-method> <!-- gotoLocator -->
        <test-method signature="searchCity()[pri:0, instance:com.ust.lenskart.testcases.StoreLocatorTest@1224144a]" started-at="2024-04-22T22:25:22 IST" name="searchCity" finished-at="2024-04-22T22:25:27 IST" depends-on-methods="com.ust.lenskart.testcases.StoreLocatorTest.gotoLocator" duration-ms="5283" status="PASS">
          <reporter-output>
          </reporter-output>
        </test-method> <!-- searchCity -->
        <test-method is-config="true" signature="quitDriver()[pri:0, instance:com.ust.lenskart.testcases.StoreLocatorTest@1224144a]" started-at="2024-04-22T22:25:27 IST" name="quitDriver" finished-at="2024-04-22T22:25:29 IST" duration-ms="2202" status="PASS">
          <reporter-output>
          </reporter-output>
        </test-method> <!-- quitDriver -->
      </class> <!-- com.ust.lenskart.testcases.StoreLocatorTest -->
    </test> <!-- Default test -->
  </suite> <!-- Default suite -->
</testng-results>
