<?xml version="1.0" encoding="UTF-8"?>
<testng-results ignored="0" total="3" passed="3" failed="0" skipped="0">
  <reporter-output>
  </reporter-output>
  <suite started-at="2024-04-27T11:48:03 IST" name="Default suite" finished-at="2024-04-27T11:49:29 IST" duration-ms="86408">
    <groups>
    </groups>
    <test started-at="2024-04-27T11:48:03 IST" name="Default test" finished-at="2024-04-27T11:49:29 IST" duration-ms="86408">
      <class name="com.ust.lenskart.testcases.TestRemovingFromWishList">
        <test-method is-config="true" signature="pageLoader()[pri:0, instance:com.ust.lenskart.testcases.TestRemovingFromWishList@6d5620ce]" started-at="2024-04-27T11:48:03 IST" name="pageLoader" finished-at="2024-04-27T11:48:20 IST" duration-ms="17552" status="PASS">
          <reporter-output>
          </reporter-output>
        </test-method> <!-- pageLoader -->
        <test-method signature="testEnterSearchBox()[pri:0, instance:com.ust.lenskart.testcases.TestRemovingFromWishList@6d5620ce]" started-at="2024-04-27T11:48:21 IST" name="testEnterSearchBox" finished-at="2024-04-27T11:49:12 IST" duration-ms="51704" status="PASS">
          <reporter-output>
          </reporter-output>
        </test-method> <!-- testEnterSearchBox -->
        <test-method signature="testAddingToWishList()[pri:1, instance:com.ust.lenskart.testcases.TestRemovingFromWishList@6d5620ce]" started-at="2024-04-27T11:49:12 IST" name="testAddingToWishList" finished-at="2024-04-27T11:49:19 IST" depends-on-methods="com.ust.lenskart.testcases.TestRemovingFromWishList.testEnterSearchBox" duration-ms="7115" status="PASS">
          <reporter-output>
          </reporter-output>
        </test-method> <!-- testAddingToWishList -->
        <test-method signature="testWishList()[pri:2, instance:com.ust.lenskart.testcases.TestRemovingFromWishList@6d5620ce]" started-at="2024-04-27T11:49:19 IST" name="testWishList" finished-at="2024-04-27T11:49:29 IST" depends-on-methods="com.ust.lenskart.testcases.TestRemovingFromWishList.testAddingToWishList" duration-ms="9715" status="PASS">
          <reporter-output>
          </reporter-output>
        </test-method> <!-- testWishList -->
      </class> <!-- com.ust.lenskart.testcases.TestRemovingFromWishList -->
    </test> <!-- Default test -->
  </suite> <!-- Default suite -->
</testng-results>
