<?xml version="1.0" encoding="UTF-8"?>
<testng-results ignored="0" total="3" passed="3" failed="0" skipped="0">
  <reporter-output>
  </reporter-output>
  <suite started-at="2024-04-30T13:11:20 IST" name="Default suite" finished-at="2024-04-30T13:14:07 IST" duration-ms="166988">
    <groups>
    </groups>
    <test started-at="2024-04-30T13:11:20 IST" name="Default test" finished-at="2024-04-30T13:14:07 IST" duration-ms="166988">
      <class name="com.ust.lenskart.testcases.TestResetFilters">
        <test-method is-config="true" signature="pageLoader()[pri:0, instance:com.ust.lenskart.testcases.TestResetFilters@21be3395]" started-at="2024-04-30T13:11:20 IST" name="pageLoader" finished-at="2024-04-30T13:11:56 IST" duration-ms="35737" status="PASS">
          <reporter-output>
          </reporter-output>
        </test-method> <!-- pageLoader -->
        <test-method signature="testEnterSearchBox()[pri:0, instance:com.ust.lenskart.testcases.TestResetFilters@21be3395]" started-at="2024-04-30T13:11:56 IST" name="testEnterSearchBox" finished-at="2024-04-30T13:12:19 IST" duration-ms="23294" status="PASS">
          <reporter-output>
          </reporter-output>
        </test-method> <!-- testEnterSearchBox -->
        <test-method signature="testSetFilters()[pri:1, instance:com.ust.lenskart.testcases.TestResetFilters@21be3395]" started-at="2024-04-30T13:12:19 IST" name="testSetFilters" finished-at="2024-04-30T13:13:59 IST" depends-on-methods="com.ust.lenskart.testcases.TestResetFilters.testEnterSearchBox" duration-ms="100129" status="PASS">
          <reporter-output>
          </reporter-output>
        </test-method> <!-- testSetFilters -->
        <test-method signature="testResetFilters()[pri:2, instance:com.ust.lenskart.testcases.TestResetFilters@21be3395]" started-at="2024-04-30T13:13:59 IST" name="testResetFilters" finished-at="2024-04-30T13:14:03 IST" duration-ms="3825" status="PASS">
          <reporter-output>
          </reporter-output>
        </test-method> <!-- testResetFilters -->
        <test-method is-config="true" signature="quitDriver()[pri:0, instance:com.ust.lenskart.testcases.TestResetFilters@21be3395]" started-at="2024-04-30T13:14:03 IST" name="quitDriver" finished-at="2024-04-30T13:14:07 IST" duration-ms="3778" status="PASS">
          <reporter-output>
          </reporter-output>
        </test-method> <!-- quitDriver -->
      </class> <!-- com.ust.lenskart.testcases.TestResetFilters -->
    </test> <!-- Default test -->
  </suite> <!-- Default suite -->
</testng-results>
