<?xml version="1.0" encoding="UTF-8"?>
<testng-results ignored="0" total="1" passed="1" failed="0" skipped="0">
  <reporter-output>
  </reporter-output>
  <suite started-at="2024-04-30T22:30:01 IST" name="Default suite" finished-at="2024-04-30T22:31:31 IST" duration-ms="90108">
    <groups>
      <group name="cucumber">
        <method signature="AbstractTestNGCucumberTests.runScenario(io.cucumber.testng.PickleWrapper,io.cucumber.testng.FeatureWrapper)[pri:0, instance:com.ust.lenskart.testrunner.TestRunner@609e8838]" name="runScenario" class="io.cucumber.testng.AbstractTestNGCucumberTests"/>
      </group> <!-- cucumber -->
    </groups>
    <test started-at="2024-04-30T22:30:01 IST" name="Default test" finished-at="2024-04-30T22:31:31 IST" duration-ms="90108">
      <class name="com.ust.lenskart.testrunner.TestRunner">
        <test-method is-config="true" signature="setUpClass(org.testng.ITestContext)[pri:0, instance:com.ust.lenskart.testrunner.TestRunner@609e8838]" started-at="2024-04-30T22:30:01 IST" name="setUpClass" finished-at="2024-04-30T22:30:02 IST" duration-ms="837" status="PASS">
          <params>
            <param index="0">
              <value>
                <![CDATA[org.testng.TestRunner@e322ec9]]>
              </value>
            </param>
          </params>
          <reporter-output>
          </reporter-output>
        </test-method> <!-- setUpClass -->
        <test-method signature="runScenario(io.cucumber.testng.PickleWrapper,io.cucumber.testng.FeatureWrapper)[pri:0, instance:com.ust.lenskart.testrunner.TestRunner@609e8838]" started-at="2024-04-30T22:30:02 IST" name="runScenario" description="Runs Cucumber Scenarios" data-provider="scenarios" finished-at="2024-04-30T22:31:31 IST" duration-ms="89110" status="PASS">
          <params>
            <param index="0">
              <value>
                <![CDATA["Removing item from cart functionality"]]>
              </value>
            </param>
            <param index="1">
              <value>
                <![CDATA["Add to cart functionality"]]>
              </value>
            </param>
          </params>
          <reporter-output>
          </reporter-output>
        </test-method> <!-- runScenario -->
        <test-method is-config="true" signature="tearDownClass()[pri:0, instance:com.ust.lenskart.testrunner.TestRunner@609e8838]" started-at="2024-04-30T22:31:31 IST" name="tearDownClass" finished-at="2024-04-30T22:31:31 IST" duration-ms="9" status="PASS">
          <reporter-output>
          </reporter-output>
        </test-method> <!-- tearDownClass -->
      </class> <!-- com.ust.lenskart.testrunner.TestRunner -->
    </test> <!-- Default test -->
  </suite> <!-- Default suite -->
</testng-results>
