<?xml version="1.0" encoding="UTF-8"?>
<testng-results ignored="0" total="3" passed="3" failed="0" skipped="0">
  <reporter-output>
  </reporter-output>
  <suite started-at="2024-05-09T12:12:11 IST" name="Default suite" finished-at="2024-05-09T12:13:39 IST" duration-ms="87785">
    <groups>
      <group name="cucumber">
        <method signature="AbstractTestNGCucumberTests.runScenario(io.cucumber.testng.PickleWrapper,io.cucumber.testng.FeatureWrapper)[pri:0, instance:com.ust.lenskart.testrunner.TestRunner@6ed3f258]" name="runScenario" class="io.cucumber.testng.AbstractTestNGCucumberTests"/>
      </group> <!-- cucumber -->
    </groups>
    <test started-at="2024-05-09T12:12:11 IST" name="Default test" finished-at="2024-05-09T12:13:39 IST" duration-ms="87785">
      <class name="com.ust.lenskart.testrunner.TestRunner">
        <test-method is-config="true" signature="setUpClass(org.testng.ITestContext)[pri:0, instance:com.ust.lenskart.testrunner.TestRunner@6ed3f258]" started-at="2024-05-09T12:12:11 IST" name="setUpClass" finished-at="2024-05-09T12:12:12 IST" duration-ms="1194" status="PASS">
          <params>
            <param index="0">
              <value>
                <![CDATA[org.testng.TestRunner@26679788]]>
              </value>
            </param>
          </params>
          <reporter-output>
          </reporter-output>
        </test-method> <!-- setUpClass -->
        <test-method signature="runScenario(io.cucumber.testng.PickleWrapper,io.cucumber.testng.FeatureWrapper)[pri:0, instance:com.ust.lenskart.testrunner.TestRunner@6ed3f258]" started-at="2024-05-09T12:12:12 IST" name="runScenario" description="Runs Cucumber Scenarios" data-provider="scenarios" finished-at="2024-05-09T12:12:43 IST" duration-ms="30538" status="PASS">
          <params>
            <param index="0">
              <value>
                <![CDATA["Login to existing account"]]>
              </value>
            </param>
            <param index="1">
              <value>
                <![CDATA["Login functionality"]]>
              </value>
            </param>
          </params>
          <reporter-output>
          </reporter-output>
        </test-method> <!-- runScenario -->
        <test-method signature="runScenario(io.cucumber.testng.PickleWrapper,io.cucumber.testng.FeatureWrapper)[pri:0, instance:com.ust.lenskart.testrunner.TestRunner@6ed3f258]" started-at="2024-05-09T12:12:43 IST" name="runScenario" description="Runs Cucumber Scenarios" data-provider="scenarios" finished-at="2024-05-09T12:13:07 IST" duration-ms="24078" status="PASS">
          <params>
            <param index="0">
              <value>
                <![CDATA["User tries to login with Invalid Email"]]>
              </value>
            </param>
            <param index="1">
              <value>
                <![CDATA["Login functionality"]]>
              </value>
            </param>
          </params>
          <reporter-output>
          </reporter-output>
        </test-method> <!-- runScenario -->
        <test-method signature="runScenario(io.cucumber.testng.PickleWrapper,io.cucumber.testng.FeatureWrapper)[pri:0, instance:com.ust.lenskart.testrunner.TestRunner@6ed3f258]" started-at="2024-05-09T12:13:07 IST" name="runScenario" description="Runs Cucumber Scenarios" data-provider="scenarios" finished-at="2024-05-09T12:13:36 IST" duration-ms="29458" status="PASS">
          <params>
            <param index="0">
              <value>
                <![CDATA["User tries to login with Invalid password"]]>
              </value>
            </param>
            <param index="1">
              <value>
                <![CDATA["Login functionality"]]>
              </value>
            </param>
          </params>
          <reporter-output>
          </reporter-output>
        </test-method> <!-- runScenario -->
        <test-method is-config="true" signature="tearDownClass()[pri:0, instance:com.ust.lenskart.testrunner.TestRunner@6ed3f258]" started-at="2024-05-09T12:13:36 IST" name="tearDownClass" finished-at="2024-05-09T12:13:39 IST" duration-ms="2360" status="PASS">
          <reporter-output>
          </reporter-output>
        </test-method> <!-- tearDownClass -->
      </class> <!-- com.ust.lenskart.testrunner.TestRunner -->
    </test> <!-- Default test -->
  </suite> <!-- Default suite -->
</testng-results>
