<?xml version="1.0" encoding="UTF-8"?>
<testng-results ignored="0" total="1" passed="1" failed="0" skipped="0">
  <reporter-output>
  </reporter-output>
  <suite started-at="2024-04-29T15:55:40 IST" name="Default suite" finished-at="2024-04-29T15:56:44 IST" duration-ms="63710">
    <groups>
      <group name="cucumber">
        <method signature="AbstractTestNGCucumberTests.runScenario(io.cucumber.testng.PickleWrapper,io.cucumber.testng.FeatureWrapper)[pri:0, instance:com.ust.lenskart.testrunner.TestRunner@609e8838]" name="runScenario" class="io.cucumber.testng.AbstractTestNGCucumberTests"/>
      </group> <!-- cucumber -->
    </groups>
    <test started-at="2024-04-29T15:55:40 IST" name="Default test" finished-at="2024-04-29T15:56:44 IST" duration-ms="63710">
      <class name="com.ust.lenskart.testrunner.TestRunner">
        <test-method is-config="true" signature="setUpClass(org.testng.ITestContext)[pri:0, instance:com.ust.lenskart.testrunner.TestRunner@609e8838]" started-at="2024-04-29T15:55:40 IST" name="setUpClass" finished-at="2024-04-29T15:55:41 IST" duration-ms="940" status="PASS">
          <params>
            <param index="0">
              <value>
                <![CDATA[org.testng.TestRunner@1706a5c9]]>
              </value>
            </param>
          </params>
          <reporter-output>
          </reporter-output>
        </test-method> <!-- setUpClass -->
        <test-method signature="runScenario(io.cucumber.testng.PickleWrapper,io.cucumber.testng.FeatureWrapper)[pri:0, instance:com.ust.lenskart.testrunner.TestRunner@609e8838]" started-at="2024-04-29T15:55:41 IST" name="runScenario" description="Runs Cucumber Scenarios" data-provider="scenarios" finished-at="2024-04-29T15:56:44 IST" duration-ms="62645" status="PASS">
          <params>
            <param index="0">
              <value>
                <![CDATA["Adding item to the cart functionality"]]>
              </value>
            </param>
            <param index="1">
              <value>
                <![CDATA["Add to cart functionality"]]>
              </value>
            </param>
          </params>
          <reporter-output>
          </reporter-output>
        </test-method> <!-- runScenario -->
        <test-method is-config="true" signature="tearDownClass()[pri:0, instance:com.ust.lenskart.testrunner.TestRunner@609e8838]" started-at="2024-04-29T15:56:44 IST" name="tearDownClass" finished-at="2024-04-29T15:56:44 IST" duration-ms="4" status="PASS">
          <reporter-output>
          </reporter-output>
        </test-method> <!-- tearDownClass -->
      </class> <!-- com.ust.lenskart.testrunner.TestRunner -->
    </test> <!-- Default test -->
  </suite> <!-- Default suite -->
</testng-results>
