<?xml version="1.0" encoding="UTF-8"?>
<testng-results ignored="0" total="2" passed="2" failed="0" skipped="0">
  <reporter-output>
  </reporter-output>
  <suite started-at="2024-04-24T10:01:26 IST" name="Default suite" finished-at="2024-04-24T10:02:10 IST" duration-ms="44687">
    <groups>
    </groups>
    <test started-at="2024-04-24T10:01:26 IST" name="Default test" finished-at="2024-04-24T10:02:10 IST" duration-ms="44687">
      <class name="com.ust.lenskart.testcases.StoreLocatorTest">
        <test-method is-config="true" signature="pageLoader()[pri:0, instance:com.ust.lenskart.testcases.StoreLocatorTest@6f36c2f0]" started-at="2024-04-24T10:01:26 IST" name="pageLoader" finished-at="2024-04-24T10:01:55 IST" duration-ms="29877" status="PASS">
          <reporter-output>
          </reporter-output>
        </test-method> <!-- pageLoader -->
        <test-method signature="gotoLocator()[pri:0, instance:com.ust.lenskart.testcases.StoreLocatorTest@6f36c2f0]" started-at="2024-04-24T10:01:55 IST" name="gotoLocator" finished-at="2024-04-24T10:02:04 IST" duration-ms="8738" status="PASS">
          <reporter-output>
          </reporter-output>
        </test-method> <!-- gotoLocator -->
        <test-method signature="searchCity()[pri:0, instance:com.ust.lenskart.testcases.StoreLocatorTest@6f36c2f0]" started-at="2024-04-24T10:02:04 IST" name="searchCity" finished-at="2024-04-24T10:02:10 IST" depends-on-methods="com.ust.lenskart.testcases.StoreLocatorTest.gotoLocator" duration-ms="5293" status="PASS">
          <reporter-output>
          </reporter-output>
        </test-method> <!-- searchCity -->
        <test-method is-config="true" signature="quitDriver()[pri:0, instance:com.ust.lenskart.testcases.StoreLocatorTest@6f36c2f0]" started-at="2024-04-24T10:02:10 IST" name="quitDriver" finished-at="2024-04-24T10:02:10 IST" duration-ms="705" status="PASS">
          <reporter-output>
          </reporter-output>
        </test-method> <!-- quitDriver -->
      </class> <!-- com.ust.lenskart.testcases.StoreLocatorTest -->
    </test> <!-- Default test -->
  </suite> <!-- Default suite -->
</testng-results>
