<?xml version="1.0" encoding="UTF-8"?>
<testng-results ignored="0" total="6" passed="6" failed="0" skipped="0">
  <reporter-output>
  </reporter-output>
  <suite started-at="2024-04-27T23:12:04 IST" name="Default suite" finished-at="2024-04-27T23:14:06 IST" duration-ms="121988">
    <groups>
    </groups>
    <test started-at="2024-04-27T23:12:04 IST" name="Default test" finished-at="2024-04-27T23:14:06 IST" duration-ms="121988">
      <class name="com.ust.lenskart.testcases.TestChatBot">
        <test-method is-config="true" signature="pageLoader()[pri:0, instance:com.ust.lenskart.testcases.TestChatBot@64b0598]" started-at="2024-04-27T23:12:04 IST" name="pageLoader" finished-at="2024-04-27T23:13:03 IST" duration-ms="58771" status="PASS">
          <reporter-output>
          </reporter-output>
        </test-method> <!-- pageLoader -->
        <test-method signature="testEnterSearchBox()[pri:0, instance:com.ust.lenskart.testcases.TestChatBot@64b0598]" started-at="2024-04-27T23:13:03 IST" name="testEnterSearchBox" finished-at="2024-04-27T23:13:03 IST" duration-ms="500" status="PASS">
          <reporter-output>
          </reporter-output>
        </test-method> <!-- testEnterSearchBox -->
        <test-method signature="testChatBot()[pri:1, instance:com.ust.lenskart.testcases.TestChatBot@64b0598]" started-at="2024-04-27T23:13:03 IST" name="testChatBot" finished-at="2024-04-27T23:13:07 IST" duration-ms="3844" status="PASS">
          <reporter-output>
          </reporter-output>
        </test-method> <!-- testChatBot -->
        <test-method signature="testChatNewConversation()[pri:2, instance:com.ust.lenskart.testcases.TestChatBot@64b0598]" started-at="2024-04-27T23:13:07 IST" name="testChatNewConversation" finished-at="2024-04-27T23:13:24 IST" depends-on-methods="com.ust.lenskart.testcases.TestChatBot.testChatBot" duration-ms="16414" status="PASS">
          <reporter-output>
          </reporter-output>
        </test-method> <!-- testChatNewConversation -->
        <test-method signature="testChatBotSuggestion(java.lang.String,java.lang.String)[pri:3, instance:com.ust.lenskart.testcases.TestChatBot@64b0598]" started-at="2024-04-27T23:13:31 IST" name="testChatBotSuggestion" data-provider="chatBotSuggestions" finished-at="2024-04-27T23:13:43 IST" depends-on-methods="com.ust.lenskart.testcases.TestChatBot.testChatNewConversation" duration-ms="12172" status="PASS">
          <params>
            <param index="0">
              <value>
                <![CDATA[Buy Eyewear]]>
              </value>
            </param>
            <param index="1">
              <value>
                <![CDATA[Thanks for choosing Lenskart, India’s largest online eyewear company.]]>
              </value>
            </param>
          </params>
          <reporter-output>
          </reporter-output>
        </test-method> <!-- testChatBotSuggestion -->
        <test-method signature="testChatBotSuggestion(java.lang.String,java.lang.String)[pri:3, instance:com.ust.lenskart.testcases.TestChatBot@64b0598]" started-at="2024-04-27T23:13:43 IST" name="testChatBotSuggestion" data-provider="chatBotSuggestions" finished-at="2024-04-27T23:13:54 IST" depends-on-methods="com.ust.lenskart.testcases.TestChatBot.testChatNewConversation" duration-ms="10886" status="PASS">
          <params>
            <param index="0">
              <value>
                <![CDATA[Query about my order]]>
              </value>
            </param>
            <param index="1">
              <value>
                <![CDATA[Please provide your phone number.]]>
              </value>
            </param>
          </params>
          <reporter-output>
          </reporter-output>
        </test-method> <!-- testChatBotSuggestion -->
        <test-method signature="testChatBotSuggestion(java.lang.String,java.lang.String)[pri:3, instance:com.ust.lenskart.testcases.TestChatBot@64b0598]" started-at="2024-04-27T23:13:54 IST" name="testChatBotSuggestion" data-provider="chatBotSuggestions" finished-at="2024-04-27T23:14:06 IST" depends-on-methods="com.ust.lenskart.testcases.TestChatBot.testChatNewConversation" duration-ms="11871" status="PASS">
          <params>
            <param index="0">
              <value>
                <![CDATA[Locate Nearby Store]]>
              </value>
            </param>
            <param index="1">
              <value>
                <![CDATA[View Menu]]>
              </value>
            </param>
          </params>
          <reporter-output>
          </reporter-output>
        </test-method> <!-- testChatBotSuggestion -->
      </class> <!-- com.ust.lenskart.testcases.TestChatBot -->
    </test> <!-- Default test -->
  </suite> <!-- Default suite -->
</testng-results>
