<?xml version="1.0" encoding="UTF-8"?>
<testng-results ignored="0" total="2" passed="2" failed="0" skipped="0">
  <reporter-output>
  </reporter-output>
  <suite started-at="2024-04-29T11:40:13 IST" name="Default suite" finished-at="2024-04-29T11:41:23 IST" duration-ms="69983">
    <groups>
    </groups>
    <test started-at="2024-04-29T11:40:13 IST" name="Default test" finished-at="2024-04-29T11:41:23 IST" duration-ms="69983">
      <class name="com.ust.lenskart.testcases.TestAddingtoWishList">
        <test-method is-config="true" signature="pageLoader()[pri:0, instance:com.ust.lenskart.testcases.TestAddingtoWishList@311bf055]" started-at="2024-04-29T11:40:13 IST" name="pageLoader" finished-at="2024-04-29T11:40:58 IST" duration-ms="45126" status="PASS">
          <reporter-output>
          </reporter-output>
        </test-method> <!-- pageLoader -->
        <test-method signature="testEnterSearchBox()[pri:0, instance:com.ust.lenskart.testcases.TestAddingtoWishList@311bf055]" started-at="2024-04-29T11:40:58 IST" name="testEnterSearchBox" finished-at="2024-04-29T11:41:17 IST" duration-ms="18574" status="PASS">
          <reporter-output>
          </reporter-output>
        </test-method> <!-- testEnterSearchBox -->
        <test-method signature="testAssingToWishList()[pri:0, instance:com.ust.lenskart.testcases.TestAddingtoWishList@311bf055]" started-at="2024-04-29T11:41:17 IST" name="testAssingToWishList" finished-at="2024-04-29T11:41:23 IST" depends-on-methods="com.ust.lenskart.testcases.TestAddingtoWishList.testEnterSearchBox" duration-ms="5998" status="PASS">
          <reporter-output>
          </reporter-output>
        </test-method> <!-- testAssingToWishList -->
      </class> <!-- com.ust.lenskart.testcases.TestAddingtoWishList -->
    </test> <!-- Default test -->
  </suite> <!-- Default suite -->
</testng-results>
