<?xml version="1.0" encoding="UTF-8"?>
<testng-results ignored="0" total="2" passed="2" failed="0" skipped="0">
  <reporter-output>
  </reporter-output>
  <suite started-at="2024-04-30T22:41:34 IST" name="Default suite" finished-at="2024-04-30T22:42:15 IST" duration-ms="41456">
    <groups>
    </groups>
    <test started-at="2024-04-30T22:41:34 IST" name="Default test" finished-at="2024-04-30T22:42:15 IST" duration-ms="41456">
      <class name="com.ust.lenskart.testcases.TestItemSearch">
        <test-method is-config="true" signature="pageLoader()[pri:0, instance:com.ust.lenskart.testcases.TestItemSearch@7d322cad]" started-at="2024-04-30T22:41:34 IST" name="pageLoader" finished-at="2024-04-30T22:41:53 IST" duration-ms="19147" status="PASS">
          <reporter-output>
          </reporter-output>
        </test-method> <!-- pageLoader -->
        <test-method signature="testEnterSearchBox()[pri:0, instance:com.ust.lenskart.testcases.TestItemSearch@7d322cad]" started-at="2024-04-30T22:41:53 IST" name="testEnterSearchBox" finished-at="2024-04-30T22:42:05 IST" duration-ms="12146" status="PASS">
          <reporter-output>
          </reporter-output>
        </test-method> <!-- testEnterSearchBox -->
        <test-method signature="testInvalidSearchItem()[pri:1, instance:com.ust.lenskart.testcases.TestItemSearch@7d322cad]" started-at="2024-04-30T22:42:05 IST" name="testInvalidSearchItem" finished-at="2024-04-30T22:42:13 IST" duration-ms="8120" status="PASS">
          <reporter-output>
          </reporter-output>
        </test-method> <!-- testInvalidSearchItem -->
        <test-method is-config="true" signature="quitDriver()[pri:0, instance:com.ust.lenskart.testcases.TestItemSearch@7d322cad]" started-at="2024-04-30T22:42:13 IST" name="quitDriver" finished-at="2024-04-30T22:42:15 IST" duration-ms="1910" status="PASS">
          <reporter-output>
          </reporter-output>
        </test-method> <!-- quitDriver -->
      </class> <!-- com.ust.lenskart.testcases.TestItemSearch -->
    </test> <!-- Default test -->
  </suite> <!-- Default suite -->
</testng-results>
