<?xml version="1.0" encoding="UTF-8"?>
<testng-results ignored="0" total="1" passed="1" failed="0" skipped="0">
  <reporter-output>
  </reporter-output>
  <suite started-at="2024-04-22T12:28:53 IST" name="Default suite" finished-at="2024-04-22T12:29:11 IST" duration-ms="17922">
    <groups>
    </groups>
    <test started-at="2024-04-22T12:28:53 IST" name="Default test" finished-at="2024-04-22T12:29:11 IST" duration-ms="17922">
      <class name="com.ust.LenskartQA.testcases.Dummy">
        <test-method is-config="true" signature="setup()[pri:0, instance:com.ust.LenskartQA.testcases.Dummy@13d73f29]" started-at="2024-04-22T12:28:53 IST" name="setup" finished-at="2024-04-22T12:29:11 IST" duration-ms="17880" status="PASS">
          <reporter-output>
          </reporter-output>
        </test-method> <!-- setup -->
        <test-method signature="dummy()[pri:0, instance:com.ust.LenskartQA.testcases.Dummy@13d73f29]" started-at="2024-04-22T12:29:11 IST" name="dummy" finished-at="2024-04-22T12:29:11 IST" duration-ms="8" status="PASS">
          <reporter-output>
          </reporter-output>
        </test-method> <!-- dummy -->
      </class> <!-- com.ust.LenskartQA.testcases.Dummy -->
    </test> <!-- Default test -->
  </suite> <!-- Default suite -->
</testng-results>
