<?xml version="1.0" encoding="UTF-8"?>
<testng-results ignored="0" total="2" passed="2" failed="0" skipped="0">
  <reporter-output>
  </reporter-output>
  <suite started-at="2024-05-09T22:43:17 IST" name="Default suite" finished-at="2024-05-09T22:43:48 IST" duration-ms="31539">
    <groups>
    </groups>
    <test started-at="2024-05-09T22:43:17 IST" name="Default test" finished-at="2024-05-09T22:43:48 IST" duration-ms="31539">
      <class name="com.ust.lenskart.testcases.SpecialTest">
        <test-method is-config="true" signature="pageLoader()[pri:0, instance:com.ust.lenskart.testcases.SpecialTest@4b6690c0]" started-at="2024-05-09T22:43:17 IST" name="pageLoader" finished-at="2024-05-09T22:43:45 IST" duration-ms="27966" status="PASS">
          <reporter-output>
          </reporter-output>
        </test-method> <!-- pageLoader -->
        <test-method signature="gotoCart()[pri:1, instance:com.ust.lenskart.testcases.SpecialTest@4b6690c0]" started-at="2024-05-09T22:43:45 IST" name="gotoCart" finished-at="2024-05-09T22:43:45 IST" duration-ms="436" status="PASS">
          <reporter-output>
          </reporter-output>
        </test-method> <!-- gotoCart -->
        <test-method signature="getColor()[pri:2, instance:com.ust.lenskart.testcases.SpecialTest@4b6690c0]" started-at="2024-05-09T22:43:46 IST" name="getColor" finished-at="2024-05-09T22:43:48 IST" duration-ms="1718" status="PASS">
          <reporter-output>
          </reporter-output>
        </test-method> <!-- getColor -->
        <test-method is-config="true" signature="quitDriver()[pri:0, instance:com.ust.lenskart.testcases.SpecialTest@4b6690c0]" started-at="2024-05-09T22:43:48 IST" name="quitDriver" finished-at="2024-05-09T22:43:48 IST" duration-ms="349" status="PASS">
          <reporter-output>
          </reporter-output>
        </test-method> <!-- quitDriver -->
      </class> <!-- com.ust.lenskart.testcases.SpecialTest -->
    </test> <!-- Default test -->
  </suite> <!-- Default suite -->
</testng-results>
