<?xml version="1.0" encoding="UTF-8"?>
<testng-results ignored="0" total="3" passed="3" failed="0" skipped="0">
  <reporter-output>
  </reporter-output>
  <suite started-at="2024-04-24T18:14:31 IST" name="Default suite" finished-at="2024-04-24T18:19:03 IST" duration-ms="272717">
    <groups>
    </groups>
    <test started-at="2024-04-24T18:14:31 IST" name="Default test" finished-at="2024-04-24T18:19:03 IST" duration-ms="272717">
      <class name="com.ust.lenskart.testcases.TestSortBy">
        <test-method is-config="true" signature="startup()[pri:0, instance:com.ust.lenskart.testcases.TestSortBy@49b2a47d]" started-at="2024-04-24T18:14:31 IST" name="startup" finished-at="2024-04-24T18:15:15 IST" duration-ms="44627" status="PASS">
          <reporter-output>
          </reporter-output>
        </test-method> <!-- startup -->
        <test-method signature="testEnterSearchBox()[pri:0, instance:com.ust.lenskart.testcases.TestSortBy@49b2a47d]" started-at="2024-04-24T18:15:16 IST" name="testEnterSearchBox" finished-at="2024-04-24T18:15:41 IST" duration-ms="25865" status="PASS">
          <reporter-output>
          </reporter-output>
        </test-method> <!-- testEnterSearchBox -->
        <test-method signature="TsetSortByLowToHigh()[pri:1, instance:com.ust.lenskart.testcases.TestSortBy@49b2a47d]" started-at="2024-04-24T18:15:42 IST" name="TsetSortByLowToHigh" finished-at="2024-04-24T18:17:26 IST" duration-ms="104981" status="PASS">
          <reporter-output>
          </reporter-output>
        </test-method> <!-- TsetSortByLowToHigh -->
        <test-method signature="TsetSortByHighToLow()[pri:2, instance:com.ust.lenskart.testcases.TestSortBy@49b2a47d]" started-at="2024-04-24T18:17:26 IST" name="TsetSortByHighToLow" finished-at="2024-04-24T18:19:03 IST" duration-ms="96971" status="PASS">
          <reporter-output>
          </reporter-output>
        </test-method> <!-- TsetSortByHighToLow -->
      </class> <!-- com.ust.lenskart.testcases.TestSortBy -->
    </test> <!-- Default test -->
  </suite> <!-- Default suite -->
</testng-results>
