<?xml version="1.0" encoding="UTF-8"?>
<testng-results ignored="0" total="25" passed="24" failed="1" skipped="0">
  <reporter-output>
  </reporter-output>
  <suite started-at="2024-05-06T15:00:22 IST" name="Suite" finished-at="2024-05-06T15:12:19 IST" duration-ms="716613">
    <groups>
    </groups>
    <test started-at="2024-05-06T15:00:22 IST" name="Test" finished-at="2024-05-06T15:12:19 IST" duration-ms="716613">
      <class name="com.ust.lenskart.testcases.TestRemovingFromWishList">
        <test-method is-config="true" signature="pageLoader()[pri:0, instance:com.ust.lenskart.testcases.TestRemovingFromWishList@5cde6747]" started-at="2024-05-06T15:03:04 IST" name="pageLoader" finished-at="2024-05-06T15:03:32 IST" duration-ms="27653" status="PASS">
          <reporter-output>
          </reporter-output>
        </test-method> <!-- pageLoader -->
        <test-method signature="testEnterSearchBox()[pri:0, instance:com.ust.lenskart.testcases.TestRemovingFromWishList@5cde6747]" started-at="2024-05-06T15:03:32 IST" name="testEnterSearchBox" finished-at="2024-05-06T15:03:52 IST" duration-ms="20202" status="PASS">
          <reporter-output>
          </reporter-output>
        </test-method> <!-- testEnterSearchBox -->
        <test-method signature="testAddingToWishList()[pri:1, instance:com.ust.lenskart.testcases.TestRemovingFromWishList@5cde6747]" started-at="2024-05-06T15:03:52 IST" name="testAddingToWishList" finished-at="2024-05-06T15:04:07 IST" depends-on-methods="com.ust.lenskart.testcases.TestRemovingFromWishList.testEnterSearchBox" duration-ms="15161" status="PASS">
          <reporter-output>
          </reporter-output>
        </test-method> <!-- testAddingToWishList -->
        <test-method signature="testWishList()[pri:2, instance:com.ust.lenskart.testcases.TestRemovingFromWishList@5cde6747]" started-at="2024-05-06T15:04:07 IST" name="testWishList" finished-at="2024-05-06T15:04:24 IST" depends-on-methods="com.ust.lenskart.testcases.TestRemovingFromWishList.testAddingToWishList" duration-ms="17356" status="PASS">
          <reporter-output>
          </reporter-output>
        </test-method> <!-- testWishList -->
        <test-method signature="testAddingToWishListAgain()[pri:3, instance:com.ust.lenskart.testcases.TestRemovingFromWishList@5cde6747]" started-at="2024-05-06T15:04:24 IST" name="testAddingToWishListAgain" finished-at="2024-05-06T15:04:39 IST" depends-on-methods="com.ust.lenskart.testcases.TestRemovingFromWishList.testEnterSearchBox" duration-ms="15020" status="PASS">
          <reporter-output>
          </reporter-output>
        </test-method> <!-- testAddingToWishListAgain -->
        <test-method signature="testWishListAgain()[pri:4, instance:com.ust.lenskart.testcases.TestRemovingFromWishList@5cde6747]" started-at="2024-05-06T15:04:39 IST" name="testWishListAgain" finished-at="2024-05-06T15:04:47 IST" depends-on-methods="com.ust.lenskart.testcases.TestRemovingFromWishList.testAddingToWishListAgain" duration-ms="7337" status="PASS">
          <reporter-output>
          </reporter-output>
        </test-method> <!-- testWishListAgain -->
        <test-method is-config="true" signature="quitDriver()[pri:0, instance:com.ust.lenskart.testcases.TestRemovingFromWishList@5cde6747]" started-at="2024-05-06T15:04:47 IST" name="quitDriver" finished-at="2024-05-06T15:04:48 IST" duration-ms="796" status="PASS">
          <reporter-output>
          </reporter-output>
        </test-method> <!-- quitDriver -->
      </class> <!-- com.ust.lenskart.testcases.TestRemovingFromWishList -->
      <class name="com.ust.lenskart.testcases.TestChatBot">
        <test-method is-config="true" signature="pageLoader()[pri:0, instance:com.ust.lenskart.testcases.TestChatBot@3e30646a]" started-at="2024-05-06T15:01:40 IST" name="pageLoader" finished-at="2024-05-06T15:02:12 IST" duration-ms="32411" status="PASS">
          <reporter-output>
          </reporter-output>
        </test-method> <!-- pageLoader -->
        <test-method signature="testEnterSearchBox()[pri:0, instance:com.ust.lenskart.testcases.TestChatBot@3e30646a]" started-at="2024-05-06T15:02:12 IST" name="testEnterSearchBox" finished-at="2024-05-06T15:02:14 IST" duration-ms="1745" status="PASS">
          <reporter-output>
          </reporter-output>
        </test-method> <!-- testEnterSearchBox -->
        <test-method signature="testChatBot()[pri:1, instance:com.ust.lenskart.testcases.TestChatBot@3e30646a]" started-at="2024-05-06T15:02:14 IST" name="testChatBot" finished-at="2024-05-06T15:02:17 IST" depends-on-methods="com.ust.lenskart.testcases.TestChatBot.testEnterSearchBox" duration-ms="2737" status="PASS">
          <reporter-output>
          </reporter-output>
        </test-method> <!-- testChatBot -->
        <test-method signature="testChatNewConversation()[pri:2, instance:com.ust.lenskart.testcases.TestChatBot@3e30646a]" started-at="2024-05-06T15:02:17 IST" name="testChatNewConversation" finished-at="2024-05-06T15:02:25 IST" depends-on-methods="com.ust.lenskart.testcases.TestChatBot.testChatBot" duration-ms="8665" status="PASS">
          <reporter-output>
          </reporter-output>
        </test-method> <!-- testChatNewConversation -->
        <test-method signature="testChatBotSuggestion(java.lang.String,java.lang.String)[pri:3, instance:com.ust.lenskart.testcases.TestChatBot@3e30646a]" started-at="2024-05-06T15:02:32 IST" name="testChatBotSuggestion" data-provider="chatBotSuggestion" finished-at="2024-05-06T15:02:43 IST" depends-on-methods="com.ust.lenskart.testcases.TestChatBot.testChatNewConversation" duration-ms="10491" status="PASS">
          <params>
            <param index="0">
              <value>
                <![CDATA[Buy Eyewear]]>
              </value>
            </param>
            <param index="1">
              <value>
                <![CDATA[Thanks for choosing Lenskart, India’s largest online eyewear company.]]>
              </value>
            </param>
          </params>
          <reporter-output>
          </reporter-output>
        </test-method> <!-- testChatBotSuggestion -->
        <test-method signature="testChatBotSuggestion(java.lang.String,java.lang.String)[pri:3, instance:com.ust.lenskart.testcases.TestChatBot@3e30646a]" started-at="2024-05-06T15:02:43 IST" name="testChatBotSuggestion" data-provider="chatBotSuggestion" finished-at="2024-05-06T15:02:52 IST" depends-on-methods="com.ust.lenskart.testcases.TestChatBot.testChatNewConversation" duration-ms="9855" status="PASS">
          <params>
            <param index="0">
              <value>
                <![CDATA[Query about my order]]>
              </value>
            </param>
            <param index="1">
              <value>
                <![CDATA[Please provide your phone number.]]>
              </value>
            </param>
          </params>
          <reporter-output>
          </reporter-output>
        </test-method> <!-- testChatBotSuggestion -->
        <test-method signature="testChatBotSuggestion(java.lang.String,java.lang.String)[pri:3, instance:com.ust.lenskart.testcases.TestChatBot@3e30646a]" started-at="2024-05-06T15:02:52 IST" name="testChatBotSuggestion" data-provider="chatBotSuggestion" finished-at="2024-05-06T15:03:02 IST" depends-on-methods="com.ust.lenskart.testcases.TestChatBot.testChatNewConversation" duration-ms="9976" status="PASS">
          <params>
            <param index="0">
              <value>
                <![CDATA[Locate Nearby Store]]>
              </value>
            </param>
            <param index="1">
              <value>
                <![CDATA[View Menu]]>
              </value>
            </param>
          </params>
          <reporter-output>
          </reporter-output>
        </test-method> <!-- testChatBotSuggestion -->
        <test-method is-config="true" signature="quitDriver()[pri:0, instance:com.ust.lenskart.testcases.TestChatBot@3e30646a]" started-at="2024-05-06T15:03:02 IST" name="quitDriver" finished-at="2024-05-06T15:03:04 IST" duration-ms="1543" status="PASS">
          <reporter-output>
          </reporter-output>
        </test-method> <!-- quitDriver -->
      </class> <!-- com.ust.lenskart.testcases.TestChatBot -->
      <class name="com.ust.lenskart.testcases.TestSortBy">
        <test-method is-config="true" signature="pageLoader()[pri:0, instance:com.ust.lenskart.testcases.TestSortBy@37c7595]" started-at="2024-05-06T15:05:35 IST" name="pageLoader" finished-at="2024-05-06T15:06:02 IST" duration-ms="27308" status="PASS">
          <reporter-output>
          </reporter-output>
        </test-method> <!-- pageLoader -->
        <test-method signature="testEnterSearchBox()[pri:0, instance:com.ust.lenskart.testcases.TestSortBy@37c7595]" started-at="2024-05-06T15:06:02 IST" name="testEnterSearchBox" finished-at="2024-05-06T15:06:18 IST" duration-ms="16485" status="PASS">
          <reporter-output>
          </reporter-output>
        </test-method> <!-- testEnterSearchBox -->
        <test-method signature="TsetSortByLowToHigh()[pri:1, instance:com.ust.lenskart.testcases.TestSortBy@37c7595]" started-at="2024-05-06T15:06:18 IST" name="TsetSortByLowToHigh" finished-at="2024-05-06T15:07:25 IST" duration-ms="66459" status="PASS">
          <reporter-output>
          </reporter-output>
        </test-method> <!-- TsetSortByLowToHigh -->
        <test-method signature="TsetSortByHighToLow()[pri:2, instance:com.ust.lenskart.testcases.TestSortBy@37c7595]" started-at="2024-05-06T15:07:25 IST" name="TsetSortByHighToLow" finished-at="2024-05-06T15:08:23 IST" duration-ms="57866" status="PASS">
          <reporter-output>
          </reporter-output>
        </test-method> <!-- TsetSortByHighToLow -->
        <test-method is-config="true" signature="quitDriver()[pri:0, instance:com.ust.lenskart.testcases.TestSortBy@37c7595]" started-at="2024-05-06T15:08:23 IST" name="quitDriver" finished-at="2024-05-06T15:08:24 IST" duration-ms="1188" status="PASS">
          <reporter-output>
          </reporter-output>
        </test-method> <!-- quitDriver -->
      </class> <!-- com.ust.lenskart.testcases.TestSortBy -->
      <class name="com.ust.lenskart.testcases.StoreLocatorTest">
        <test-method is-config="true" signature="pageLoader()[pri:0, instance:com.ust.lenskart.testcases.StoreLocatorTest@63a270c9]" started-at="2024-05-06T15:04:48 IST" name="pageLoader" finished-at="2024-05-06T15:05:14 IST" duration-ms="26006" status="PASS">
          <reporter-output>
          </reporter-output>
        </test-method> <!-- pageLoader -->
        <test-method signature="gotoLocator()[pri:0, instance:com.ust.lenskart.testcases.StoreLocatorTest@63a270c9]" started-at="2024-05-06T15:05:14 IST" name="gotoLocator" finished-at="2024-05-06T15:05:28 IST" duration-ms="14011" status="PASS">
          <reporter-output>
          </reporter-output>
        </test-method> <!-- gotoLocator -->
        <test-method signature="searchCity()[pri:0, instance:com.ust.lenskart.testcases.StoreLocatorTest@63a270c9]" started-at="2024-05-06T15:05:28 IST" name="searchCity" finished-at="2024-05-06T15:05:34 IST" depends-on-methods="com.ust.lenskart.testcases.StoreLocatorTest.gotoLocator" duration-ms="5958" status="PASS">
          <reporter-output>
          </reporter-output>
        </test-method> <!-- searchCity -->
        <test-method is-config="true" signature="quitDriver()[pri:0, instance:com.ust.lenskart.testcases.StoreLocatorTest@63a270c9]" started-at="2024-05-06T15:05:34 IST" name="quitDriver" finished-at="2024-05-06T15:05:35 IST" duration-ms="1021" status="PASS">
          <reporter-output>
          </reporter-output>
        </test-method> <!-- quitDriver -->
      </class> <!-- com.ust.lenskart.testcases.StoreLocatorTest -->
      <class name="com.ust.lenskart.testcases.TestAddingtoWishList">
        <test-method is-config="true" signature="pageLoader()[pri:0, instance:com.ust.lenskart.testcases.TestAddingtoWishList@1199fe66]" started-at="2024-05-06T15:09:22 IST" name="pageLoader" finished-at="2024-05-06T15:09:45 IST" duration-ms="23202" status="PASS">
          <reporter-output>
          </reporter-output>
        </test-method> <!-- pageLoader -->
        <test-method signature="testEnterSearchBox()[pri:0, instance:com.ust.lenskart.testcases.TestAddingtoWishList@1199fe66]" started-at="2024-05-06T15:09:45 IST" name="testEnterSearchBox" finished-at="2024-05-06T15:10:04 IST" duration-ms="18776" status="PASS">
          <reporter-output>
          </reporter-output>
        </test-method> <!-- testEnterSearchBox -->
        <test-method signature="testAssingToWishList()[pri:0, instance:com.ust.lenskart.testcases.TestAddingtoWishList@1199fe66]" started-at="2024-05-06T15:10:04 IST" name="testAssingToWishList" finished-at="2024-05-06T15:10:19 IST" depends-on-methods="com.ust.lenskart.testcases.TestAddingtoWishList.testEnterSearchBox" duration-ms="15115" status="PASS">
          <reporter-output>
          </reporter-output>
        </test-method> <!-- testAssingToWishList -->
        <test-method is-config="true" signature="quitDriver()[pri:0, instance:com.ust.lenskart.testcases.TestAddingtoWishList@1199fe66]" started-at="2024-05-06T15:10:19 IST" name="quitDriver" finished-at="2024-05-06T15:10:20 IST" duration-ms="1348" status="PASS">
          <reporter-output>
          </reporter-output>
        </test-method> <!-- quitDriver -->
      </class> <!-- com.ust.lenskart.testcases.TestAddingtoWishList -->
      <class name="com.ust.lenskart.testcases.TestItemSearch">
        <test-method is-config="true" signature="pageLoader()[pri:0, instance:com.ust.lenskart.testcases.TestItemSearch@3ed242a4]" started-at="2024-05-06T15:08:24 IST" name="pageLoader" finished-at="2024-05-06T15:08:51 IST" duration-ms="27131" status="PASS">
          <reporter-output>
          </reporter-output>
        </test-method> <!-- pageLoader -->
        <test-method signature="testEnterSearchBox()[pri:0, instance:com.ust.lenskart.testcases.TestItemSearch@3ed242a4]" started-at="2024-05-06T15:08:51 IST" name="testEnterSearchBox" finished-at="2024-05-06T15:09:09 IST" duration-ms="17995" status="PASS">
          <reporter-output>
          </reporter-output>
        </test-method> <!-- testEnterSearchBox -->
        <test-method signature="testInvalidSearchItem()[pri:1, instance:com.ust.lenskart.testcases.TestItemSearch@3ed242a4]" started-at="2024-05-06T15:09:09 IST" name="testInvalidSearchItem" finished-at="2024-05-06T15:09:21 IST" duration-ms="11483" status="PASS">
          <reporter-output>
          </reporter-output>
        </test-method> <!-- testInvalidSearchItem -->
        <test-method is-config="true" signature="quitDriver()[pri:0, instance:com.ust.lenskart.testcases.TestItemSearch@3ed242a4]" started-at="2024-05-06T15:09:21 IST" name="quitDriver" finished-at="2024-05-06T15:09:22 IST" duration-ms="1155" status="PASS">
          <reporter-output>
          </reporter-output>
        </test-method> <!-- quitDriver -->
      </class> <!-- com.ust.lenskart.testcases.TestItemSearch -->
      <class name="com.ust.lenskart.testcases.TestWishListEmpty">
        <test-method is-config="true" signature="pageLoader()[pri:0, instance:com.ust.lenskart.testcases.TestWishListEmpty@1c32386d]" started-at="2024-05-06T15:00:22 IST" name="pageLoader" finished-at="2024-05-06T15:01:08 IST" duration-ms="45661" status="PASS">
          <reporter-output>
          </reporter-output>
        </test-method> <!-- pageLoader -->
        <test-method signature="testEnterSearchBox()[pri:0, instance:com.ust.lenskart.testcases.TestWishListEmpty@1c32386d]" started-at="2024-05-06T15:01:08 IST" name="testEnterSearchBox" finished-at="2024-05-06T15:01:35 IST" duration-ms="26721" status="PASS">
          <reporter-output>
          </reporter-output>
        </test-method> <!-- testEnterSearchBox -->
        <test-method signature="testWishList()[pri:0, instance:com.ust.lenskart.testcases.TestWishListEmpty@1c32386d]" started-at="2024-05-06T15:01:35 IST" name="testWishList" finished-at="2024-05-06T15:01:38 IST" depends-on-methods="com.ust.lenskart.testcases.TestWishListEmpty.testEnterSearchBox" duration-ms="3063" status="PASS">
          <reporter-output>
          </reporter-output>
        </test-method> <!-- testWishList -->
        <test-method is-config="true" signature="quitDriver()[pri:0, instance:com.ust.lenskart.testcases.TestWishListEmpty@1c32386d]" started-at="2024-05-06T15:01:38 IST" name="quitDriver" finished-at="2024-05-06T15:01:40 IST" duration-ms="1516" status="PASS">
          <reporter-output>
          </reporter-output>
        </test-method> <!-- quitDriver -->
      </class> <!-- com.ust.lenskart.testcases.TestWishListEmpty -->
      <class name="com.ust.lenskart.testcases.TestResetFilters">
        <test-method is-config="true" signature="pageLoader()[pri:0, instance:com.ust.lenskart.testcases.TestResetFilters@614df0a4]" started-at="2024-05-06T15:10:20 IST" name="pageLoader" finished-at="2024-05-06T15:10:42 IST" duration-ms="21651" status="PASS">
          <reporter-output>
          </reporter-output>
        </test-method> <!-- pageLoader -->
        <test-method signature="testEnterSearchBox()[pri:0, instance:com.ust.lenskart.testcases.TestResetFilters@614df0a4]" started-at="2024-05-06T15:10:42 IST" name="testEnterSearchBox" finished-at="2024-05-06T15:11:00 IST" duration-ms="17821" status="PASS">
          <reporter-output>
          </reporter-output>
        </test-method> <!-- testEnterSearchBox -->
        <test-method signature="testSetFilters()[pri:1, instance:com.ust.lenskart.testcases.TestResetFilters@614df0a4]" started-at="2024-05-06T15:11:00 IST" name="testSetFilters" finished-at="2024-05-06T15:12:14 IST" depends-on-methods="com.ust.lenskart.testcases.TestResetFilters.testEnterSearchBox" duration-ms="74073" status="FAIL">
          <exception class="org.openqa.selenium.TimeoutException">
            <message>
              <![CDATA[Expected condition failed: waiting for visibility of Proxy element for: DefaultElementLocator 'By.xpath: //div[@id='sub_brand_id']/div[1]' (tried for 10 second(s) with 500 milliseconds interval)]]>
            </message>
            <full-stacktrace>
              <![CDATA[org.openqa.selenium.TimeoutException: Expected condition failed: waiting for visibility of Proxy element for: DefaultElementLocator 'By.xpath: //div[@id='sub_brand_id']/div[1]' (tried for 10 second(s) with 500 milliseconds interval)
at org.openqa.selenium.support.ui.WebDriverWait.timeoutException(WebDriverWait.java:84)
at org.openqa.selenium.support.ui.FluentWait.until(FluentWait.java:228)
at com.ust.lenskart.pages.SearchItemPage.setSubBrand(SearchItemPage.java:310)
at com.ust.lenskart.testcases.TestResetFilters.testSetFilters(TestResetFilters.java:29)
at java.base/jdk.internal.reflect.NativeMethodAccessorImpl.invoke0(Native Method)
at java.base/jdk.internal.reflect.NativeMethodAccessorImpl.invoke(NativeMethodAccessorImpl.java:77)
at java.base/jdk.internal.reflect.DelegatingMethodAccessorImpl.invoke(DelegatingMethodAccessorImpl.java:43)
at java.base/java.lang.reflect.Method.invoke(Method.java:568)
at org.testng.internal.invokers.MethodInvocationHelper.invokeMethod(MethodInvocationHelper.java:139)
at org.testng.internal.invokers.TestInvoker.invokeMethod(TestInvoker.java:664)
at org.testng.internal.invokers.TestInvoker.invokeTestMethod(TestInvoker.java:228)
at org.testng.internal.invokers.MethodRunner.runInSequence(MethodRunner.java:63)
at org.testng.internal.invokers.TestInvoker$MethodInvocationAgent.invoke(TestInvoker.java:961)
at org.testng.internal.invokers.TestInvoker.invokeTestMethods(TestInvoker.java:201)
at org.testng.internal.invokers.TestMethodWorker.invokeTestMethods(TestMethodWorker.java:148)
at org.testng.internal.invokers.TestMethodWorker.run(TestMethodWorker.java:128)
at java.base/java.util.ArrayList.forEach(ArrayList.java:1511)
at org.testng.TestRunner.privateRun(TestRunner.java:819)
at org.testng.TestRunner.run(TestRunner.java:619)
at org.testng.SuiteRunner.runTest(SuiteRunner.java:443)
at org.testng.SuiteRunner.runSequentially(SuiteRunner.java:437)
at org.testng.SuiteRunner.privateRun(SuiteRunner.java:397)
at org.testng.SuiteRunner.run(SuiteRunner.java:336)
at org.testng.SuiteRunnerWorker.runSuite(SuiteRunnerWorker.java:52)
at org.testng.SuiteRunnerWorker.run(SuiteRunnerWorker.java:95)
at org.testng.TestNG.runSuitesSequentially(TestNG.java:1301)
at org.testng.TestNG.runSuitesLocally(TestNG.java:1228)
at org.testng.TestNG.runSuites(TestNG.java:1134)
at org.testng.TestNG.run(TestNG.java:1101)
at org.testng.remote.AbstractRemoteTestNG.run(AbstractRemoteTestNG.java:115)
at org.testng.remote.RemoteTestNG.initAndRun(RemoteTestNG.java:251)
at org.testng.remote.RemoteTestNG.main(RemoteTestNG.java:77)
Caused by: org.openqa.selenium.NoSuchElementException: no such element: Unable to locate element: {"method":"xpath","selector":"//div[@id='sub_brand_id']/div[1]"}
  (Session info: chrome=124.0.6367.119)
For documentation on this error, please visit: https://www.selenium.dev/documentation/webdriver/troubleshooting/errors#no-such-element-exception
Build info: version: '4.19.1', revision: 'abe0ee07dc'
System info: os.name: 'Windows 10', os.arch: 'amd64', os.version: '10.0', java.version: '17.0.10'
Driver info: org.openqa.selenium.chrome.ChromeDriver
Command: [a96fda13100ae02ef8a8a38edac954f1, findElement {using=xpath, value=//div[@id='sub_brand_id']/div[1]}]
Capabilities {acceptInsecureCerts: false, browserName: chrome, browserVersion: 124.0.6367.119, chrome: {chromedriverVersion: 124.0.6367.91 (51df0e5e17a8..., userDataDir: C:\Users\268850\AppData\Loc...}, fedcm:accounts: true, goog:chromeOptions: {debuggerAddress: localhost:52265}, networkConnectionEnabled: false, pageLoadStrategy: normal, platformName: windows, proxy: Proxy(), se:cdp: ws://localhost:52265/devtoo..., se:cdpVersion: 124.0.6367.119, setWindowRect: true, strictFileInteractability: false, timeouts: {implicit: 0, pageLoad: 300000, script: 30000}, unhandledPromptBehavior: dismiss and notify, webauthn:extension:credBlob: true, webauthn:extension:largeBlob: true, webauthn:extension:minPinLength: true, webauthn:extension:prf: true, webauthn:virtualAuthenticators: true}
Session ID: a96fda13100ae02ef8a8a38edac954f1
at jdk.internal.reflect.GeneratedConstructorAccessor34.newInstance(Unknown Source)
at java.base/jdk.internal.reflect.DelegatingConstructorAccessorImpl.newInstance(DelegatingConstructorAccessorImpl.java:45)
at java.base/java.lang.reflect.Constructor.newInstanceWithCaller(Constructor.java:499)
at java.base/java.lang.reflect.Constructor.newInstance(Constructor.java:480)
at org.openqa.selenium.remote.ErrorCodec.decode(ErrorCodec.java:167)
at org.openqa.selenium.remote.codec.w3c.W3CHttpResponseCodec.decode(W3CHttpResponseCodec.java:138)
at org.openqa.selenium.remote.codec.w3c.W3CHttpResponseCodec.decode(W3CHttpResponseCodec.java:50)
at org.openqa.selenium.remote.HttpCommandExecutor.execute(HttpCommandExecutor.java:190)
at org.openqa.selenium.remote.service.DriverCommandExecutor.invokeExecute(DriverCommandExecutor.java:216)
at org.openqa.selenium.remote.service.DriverCommandExecutor.execute(DriverCommandExecutor.java:174)
at org.openqa.selenium.remote.RemoteWebDriver.execute(RemoteWebDriver.java:518)
at org.openqa.selenium.remote.ElementLocation$ElementFinder$2.findElement(ElementLocation.java:165)
at org.openqa.selenium.remote.ElementLocation.findElement(ElementLocation.java:59)
at org.openqa.selenium.remote.RemoteWebDriver.findElement(RemoteWebDriver.java:355)
at org.openqa.selenium.remote.RemoteWebDriver.findElement(RemoteWebDriver.java:349)
at org.openqa.selenium.support.pagefactory.DefaultElementLocator.findElement(DefaultElementLocator.java:68)
at org.openqa.selenium.support.pagefactory.internal.LocatingElementHandler.invoke(LocatingElementHandler.java:38)
at jdk.proxy2/jdk.proxy2.$Proxy20.isDisplayed(Unknown Source)
at org.openqa.selenium.support.ui.ExpectedConditions.elementIfVisible(ExpectedConditions.java:304)
at org.openqa.selenium.support.ui.ExpectedConditions$10.apply(ExpectedConditions.java:290)
at org.openqa.selenium.support.ui.ExpectedConditions$10.apply(ExpectedConditions.java:287)
at org.openqa.selenium.support.ui.FluentWait.until(FluentWait.java:203)
... 30 more
]]>
            </full-stacktrace>
          </exception> <!-- org.openqa.selenium.TimeoutException -->
          <reporter-output>
          </reporter-output>
        </test-method> <!-- testSetFilters -->
        <test-method signature="testResetFilters()[pri:2, instance:com.ust.lenskart.testcases.TestResetFilters@614df0a4]" started-at="2024-05-06T15:12:14 IST" name="testResetFilters" finished-at="2024-05-06T15:12:17 IST" duration-ms="3386" status="PASS">
          <reporter-output>
          </reporter-output>
        </test-method> <!-- testResetFilters -->
        <test-method is-config="true" signature="quitDriver()[pri:0, instance:com.ust.lenskart.testcases.TestResetFilters@614df0a4]" started-at="2024-05-06T15:12:17 IST" name="quitDriver" finished-at="2024-05-06T15:12:19 IST" duration-ms="1450" status="PASS">
          <reporter-output>
          </reporter-output>
        </test-method> <!-- quitDriver -->
      </class> <!-- com.ust.lenskart.testcases.TestResetFilters -->
    </test> <!-- Test -->
  </suite> <!-- Suite -->
</testng-results>
