<?xml version="1.0" encoding="UTF-8"?>
<testng-results ignored="0" total="3" passed="3" failed="0" skipped="0">
  <reporter-output>
  </reporter-output>
  <suite started-at="2024-05-03T15:33:31 IST" name="Default suite" finished-at="2024-05-03T15:35:18 IST" duration-ms="107246">
    <groups>
    </groups>
    <test started-at="2024-05-03T15:33:31 IST" name="Default test" finished-at="2024-05-03T15:35:18 IST" duration-ms="107246">
      <class name="com.ust.lenskart.testcases.TestResetFilters">
        <test-method is-config="true" signature="pageLoader()[pri:0, instance:com.ust.lenskart.testcases.TestResetFilters@21be3395]" started-at="2024-05-03T15:33:31 IST" name="pageLoader" finished-at="2024-05-03T15:33:49 IST" duration-ms="18259" status="PASS">
          <reporter-output>
          </reporter-output>
        </test-method> <!-- pageLoader -->
        <test-method signature="testEnterSearchBox()[pri:0, instance:com.ust.lenskart.testcases.TestResetFilters@21be3395]" started-at="2024-05-03T15:33:49 IST" name="testEnterSearchBox" finished-at="2024-05-03T15:34:01 IST" duration-ms="11899" status="PASS">
          <reporter-output>
          </reporter-output>
        </test-method> <!-- testEnterSearchBox -->
        <test-method signature="testSetFilters()[pri:1, instance:com.ust.lenskart.testcases.TestResetFilters@21be3395]" started-at="2024-05-03T15:34:01 IST" name="testSetFilters" finished-at="2024-05-03T15:35:16 IST" depends-on-methods="com.ust.lenskart.testcases.TestResetFilters.testEnterSearchBox" duration-ms="75217" status="PASS">
          <reporter-output>
          </reporter-output>
        </test-method> <!-- testSetFilters -->
        <test-method signature="testResetFilters()[pri:2, instance:com.ust.lenskart.testcases.TestResetFilters@21be3395]" started-at="2024-05-03T15:35:16 IST" name="testResetFilters" finished-at="2024-05-03T15:35:18 IST" duration-ms="1746" status="PASS">
          <reporter-output>
          </reporter-output>
        </test-method> <!-- testResetFilters -->
      </class> <!-- com.ust.lenskart.testcases.TestResetFilters -->
    </test> <!-- Default test -->
  </suite> <!-- Default suite -->
</testng-results>
