<?xml version="1.0" encoding="UTF-8"?>
<testng-results ignored="0" total="3" passed="3" failed="0" skipped="0">
  <reporter-output>
  </reporter-output>
  <suite started-at="2024-05-03T17:20:56 IST" name="Default suite" finished-at="2024-05-03T17:23:36 IST" duration-ms="160527">
    <groups>
    </groups>
    <test started-at="2024-05-03T17:20:56 IST" name="Default test" finished-at="2024-05-03T17:23:36 IST" duration-ms="160527">
      <class name="com.ust.lenskart.testcases.TestSortBy">
        <test-method is-config="true" signature="pageLoader()[pri:0, instance:com.ust.lenskart.testcases.TestSortBy@21be3395]" started-at="2024-05-03T17:20:56 IST" name="pageLoader" finished-at="2024-05-03T17:21:04 IST" duration-ms="8725" status="PASS">
          <reporter-output>
          </reporter-output>
        </test-method> <!-- pageLoader -->
        <test-method signature="testEnterSearchBox()[pri:0, instance:com.ust.lenskart.testcases.TestSortBy@21be3395]" started-at="2024-05-03T17:21:04 IST" name="testEnterSearchBox" finished-at="2024-05-03T17:21:10 IST" duration-ms="6040" status="PASS">
          <reporter-output>
          </reporter-output>
        </test-method> <!-- testEnterSearchBox -->
        <test-method signature="TsetSortByLowToHigh()[pri:1, instance:com.ust.lenskart.testcases.TestSortBy@21be3395]" started-at="2024-05-03T17:21:10 IST" name="TsetSortByLowToHigh" finished-at="2024-05-03T17:22:23 IST" duration-ms="73045" status="PASS">
          <reporter-output>
          </reporter-output>
        </test-method> <!-- TsetSortByLowToHigh -->
        <test-method signature="TsetSortByHighToLow()[pri:2, instance:com.ust.lenskart.testcases.TestSortBy@21be3395]" started-at="2024-05-03T17:22:23 IST" name="TsetSortByHighToLow" finished-at="2024-05-03T17:23:36 IST" duration-ms="72284" status="PASS">
          <reporter-output>
          </reporter-output>
        </test-method> <!-- TsetSortByHighToLow -->
        <test-method is-config="true" signature="quitDriver()[pri:0, instance:com.ust.lenskart.testcases.TestSortBy@21be3395]" started-at="2024-05-03T17:23:36 IST" name="quitDriver" finished-at="2024-05-03T17:23:36 IST" duration-ms="387" status="PASS">
          <reporter-output>
          </reporter-output>
        </test-method> <!-- quitDriver -->
      </class> <!-- com.ust.lenskart.testcases.TestSortBy -->
    </test> <!-- Default test -->
  </suite> <!-- Default suite -->
</testng-results>
