<?xml version="1.0" encoding="UTF-8"?>
<testng-results ignored="0" total="1" passed="0" failed="1" skipped="0">
  <reporter-output>
  </reporter-output>
  <suite started-at="2024-05-08T12:03:03 IST" name="Default suite" finished-at="2024-05-08T12:03:48 IST" duration-ms="45250">
    <groups>
      <group name="cucumber">
        <method signature="AbstractTestNGCucumberTests.runScenario(io.cucumber.testng.PickleWrapper,io.cucumber.testng.FeatureWrapper)[pri:0, instance:com.ust.lenskart.testrunner.TestRunner@6ed3f258]" name="runScenario" class="io.cucumber.testng.AbstractTestNGCucumberTests"/>
      </group> <!-- cucumber -->
    </groups>
    <test started-at="2024-05-08T12:03:03 IST" name="Default test" finished-at="2024-05-08T12:03:48 IST" duration-ms="45250">
      <class name="com.ust.lenskart.testrunner.TestRunner">
        <test-method is-config="true" signature="setUpClass(org.testng.ITestContext)[pri:0, instance:com.ust.lenskart.testrunner.TestRunner@6ed3f258]" started-at="2024-05-08T12:03:03 IST" name="setUpClass" finished-at="2024-05-08T12:03:04 IST" duration-ms="706" status="PASS">
          <params>
            <param index="0">
              <value>
                <![CDATA[org.testng.TestRunner@7bdb4f17]]>
              </value>
            </param>
          </params>
          <reporter-output>
          </reporter-output>
        </test-method> <!-- setUpClass -->
        <test-method signature="runScenario(io.cucumber.testng.PickleWrapper,io.cucumber.testng.FeatureWrapper)[pri:0, instance:com.ust.lenskart.testrunner.TestRunner@6ed3f258]" started-at="2024-05-08T12:03:04 IST" name="runScenario" description="Runs Cucumber Scenarios" data-provider="scenarios" finished-at="2024-05-08T12:03:46 IST" duration-ms="42267" status="FAIL">
          <params>
            <param index="0">
              <value>
                <![CDATA["Adding item to the cart functionality"]]>
              </value>
            </param>
            <param index="1">
              <value>
                <![CDATA["Add to cart functionality"]]>
              </value>
            </param>
          </params>
          <exception class="java.lang.AssertionError">
            <message>
              <![CDATA[expected [false] but found [true]]]>
            </message>
            <full-stacktrace>
              <![CDATA[java.lang.AssertionError: expected [false] but found [true]
at org.testng.Assert.fail(Assert.java:111)
at org.testng.Assert.failNotEquals(Assert.java:1578)
at org.testng.Assert.assertEqualsImpl(Assert.java:150)
at org.testng.Assert.assertEquals(Assert.java:132)
at org.testng.Assert.assertEquals(Assert.java:1067)
at org.testng.Assert.assertEquals(Assert.java:1031)
at org.testng.Assert.assertEquals(Assert.java:1077)
at stepdefinitions.AddItemInCart.user_will_successfully_add_item_to_the_cart(AddItemInCart.java:77)
at ✽.User will successfully add item to the Cart(file:///C:/Users/268877/assessment-workspace/lenskart-qa/src/test/resources/features/AddToCart.feature:12)
]]>
            </full-stacktrace>
          </exception> <!-- java.lang.AssertionError -->
          <reporter-output>
          </reporter-output>
        </test-method> <!-- runScenario -->
        <test-method is-config="true" signature="tearDownClass()[pri:0, instance:com.ust.lenskart.testrunner.TestRunner@6ed3f258]" started-at="2024-05-08T12:03:46 IST" name="tearDownClass" finished-at="2024-05-08T12:03:48 IST" duration-ms="2179" status="PASS">
          <reporter-output>
          </reporter-output>
        </test-method> <!-- tearDownClass -->
      </class> <!-- com.ust.lenskart.testrunner.TestRunner -->
    </test> <!-- Default test -->
  </suite> <!-- Default suite -->
</testng-results>
