<?xml version="1.0" encoding="UTF-8"?>
<!-- Generated by org.testng.reporters.JUnitReportReporter -->
<testsuite hostname="K473LTRV" failures="1" tests="1" name="com.ust.lenskart.testrunner.TestRunner" time="42.267" errors="0" timestamp="2024-05-08T12:03:48 IST" skipped="0">
  <testcase classname="com.ust.lenskart.testrunner.TestRunner" name="runScenario" time="42.267">
    <failure message="expected [false] but found [true]" type="java.lang.AssertionError">
      <![CDATA[java.lang.AssertionError: expected [false] but found [true]
at org.testng.Assert.fail(Assert.java:111)
at org.testng.Assert.failNotEquals(Assert.java:1578)
at org.testng.Assert.assertEqualsImpl(Assert.java:150)
at org.testng.Assert.assertEquals(Assert.java:132)
at org.testng.Assert.assertEquals(Assert.java:1067)
at org.testng.Assert.assertEquals(Assert.java:1031)
at org.testng.Assert.assertEquals(Assert.java:1077)
at stepdefinitions.AddItemInCart.user_will_successfully_add_item_to_the_cart(AddItemInCart.java:77)
at ✽.User will successfully add item to the Cart(file:///C:/Users/268877/assessment-workspace/lenskart-qa/src/test/resources/features/AddToCart.feature:12)
]]>
    </failure>
  </testcase> <!-- runScenario -->
</testsuite> <!-- com.ust.lenskart.testrunner.TestRunner -->
