<?xml version="1.0" encoding="UTF-8"?>
<!-- Generated by org.testng.reporters.JUnitXMLReporter -->
<testsuite ignored="0" hostname="K473LTRV" failures="0" tests="25" name="Test" time="456.907" errors="0" timestamp="2024-05-09T14:29:18 IST">
  <testcase classname="com.ust.lenskart.testcases.TestWishListEmpty" name="testEnterSearchBox" time="8.565"/>
  <testcase classname="com.ust.lenskart.testcases.TestWishListEmpty" name="testWishList" time="2.357"/>
  <testcase classname="com.ust.lenskart.testcases.TestChatBot" name="testEnterSearchBox" time="1.029"/>
  <testcase classname="com.ust.lenskart.testcases.TestChatBot" name="testChatBot" time="0.778"/>
  <testcase classname="com.ust.lenskart.testcases.TestChatBot" name="testChatNewConversation" time="3.345"/>
  <testcase classname="com.ust.lenskart.testcases.TestChatBot" name="testChatBotSuggestion" time="9.5"/>
  <testcase classname="com.ust.lenskart.testcases.TestChatBot" name="testChatBotSuggestion" time="9.49"/>
  <testcase classname="com.ust.lenskart.testcases.TestChatBot" name="testChatBotSuggestion" time="9.671"/>
  <testcase classname="com.ust.lenskart.testcases.TestRemovingFromWishList" name="testEnterSearchBox" time="8.657"/>
  <testcase classname="com.ust.lenskart.testcases.TestRemovingFromWishList" name="testAddingToWishList" time="14.976"/>
  <testcase classname="com.ust.lenskart.testcases.TestRemovingFromWishList" name="testWishList" time="17.415"/>
  <testcase classname="com.ust.lenskart.testcases.TestRemovingFromWishList" name="testAddingToWishListAgain" time="14.792"/>
  <testcase classname="com.ust.lenskart.testcases.TestRemovingFromWishList" name="testWishListAgain" time="7.449"/>
  <testcase classname="com.ust.lenskart.testcases.StoreLocatorTest" name="gotoLocator" time="19.62"/>
  <testcase classname="com.ust.lenskart.testcases.StoreLocatorTest" name="searchCity" time="4.368"/>
  <testcase classname="com.ust.lenskart.testcases.TestSortBy" name="testEnterSearchBox" time="7.249"/>
  <testcase classname="com.ust.lenskart.testcases.TestSortBy" name="TsetSortByLowToHigh" time="54.998"/>
  <testcase classname="com.ust.lenskart.testcases.TestSortBy" name="TsetSortByHighToLow" time="55.095"/>
  <testcase classname="com.ust.lenskart.testcases.TestItemSearch" name="testEnterSearchBox" time="8.051"/>
  <testcase classname="com.ust.lenskart.testcases.TestItemSearch" name="testInvalidSearchItem" time="5.323"/>
  <testcase classname="com.ust.lenskart.testcases.TestAddingtoWishList" name="testEnterSearchBox" time="7.669"/>
  <testcase classname="com.ust.lenskart.testcases.TestAddingtoWishList" name="testAddingToWishList" time="14.783"/>
  <testcase classname="com.ust.lenskart.testcases.TestResetFilters" name="testEnterSearchBox" time="7.446"/>
  <testcase classname="com.ust.lenskart.testcases.TestResetFilters" name="testSetFilters" time="50.677"/>
  <testcase classname="com.ust.lenskart.testcases.TestResetFilters" name="testResetFilters" time="0.501"/>
</testsuite> <!-- Test -->
